CRITICAL - 2023-10-17 08:37:39 --> Class "Locale" not found
in SYSTEMPATH\CodeIgniter.php on line 214.
 1 FCPATH\index.php(67): CodeIgniter\CodeIgniter->initialize()
CRITICAL - 2023-10-17 08:37:39 --> Uncaught Error: Class "Locale" not found in D:\xampp4\htdocs\CI4\system\Helpers\number_helper.php:136
Stack trace:
#0 D:\xampp4\htdocs\CI4\system\Helpers\number_helper.php(55): format_number(6, 2, NULL, Array)
#1 D:\xampp4\htdocs\CI4\system\Debug\BaseExceptionHandler.php(145): number_to_size(6, 2)
#2 D:\xampp4\htdocs\CI4\app\Views\errors\html\error_exception.php(360): CodeIgniter\Debug\BaseExceptionHandler::describeMemory(6291456)
#3 D:\xampp4\htdocs\CI4\system\Debug\BaseExceptionHandler.php(241): include('D:\\xampp4\\htdoc...')
#4 D:\xampp4\htdocs\CI4\system\Debug\BaseExceptionHandler.php(244): CodeIgniter\Debug\BaseExceptionHandler->CodeIgniter\Debug\{closure}()
#5 D:\xampp4\htdocs\CI4\system\Debug\ExceptionHandler.php(109): CodeIgniter\Debug\BaseExceptionHandler->render(Object(Error), 500, 'D:\\xampp4\\htdoc...')
#6 D:\xampp4\htdocs\CI4\system\Debug\Exceptions.php(147): CodeIgniter\Debug\ExceptionHandler->handle(Object(Error), Object(CodeIgniter\HTTP\IncomingRequest), Object(CodeIgniter\HTTP\Response), 500, 1)
#7 [internal function]: CodeIgniter\Debug\Exceptions->exceptionHandler(Object(Error))
#8 {main}
  thrown
【Previous Exception】
Error
Class "Locale" not found
#0 D:\xampp4\htdocs\CI4\public\index.php(67): CodeIgniter\CodeIgniter->initialize()
#1 {main}
in SYSTEMPATH\Helpers\number_helper.php on line 136.
 1 [internal function]: CodeIgniter\Debug\Exceptions->shutdownHandler()
CRITICAL - 2023-10-17 08:51:37 --> Class "Locale" not found
in SYSTEMPATH\CodeIgniter.php on line 214.
 1 FCPATH\index.php(67): CodeIgniter\CodeIgniter->initialize()
CRITICAL - 2023-10-17 08:51:37 --> Uncaught Error: Class "Locale" not found in D:\xampp4\htdocs\CI4\system\Helpers\number_helper.php:136
Stack trace:
#0 D:\xampp4\htdocs\CI4\system\Helpers\number_helper.php(55): format_number(6, 2, NULL, Array)
#1 D:\xampp4\htdocs\CI4\system\Debug\BaseExceptionHandler.php(145): number_to_size(6, 2)
#2 D:\xampp4\htdocs\CI4\app\Views\errors\html\error_exception.php(360): CodeIgniter\Debug\BaseExceptionHandler::describeMemory(6291456)
#3 D:\xampp4\htdocs\CI4\system\Debug\BaseExceptionHandler.php(241): include('D:\\xampp4\\htdoc...')
#4 D:\xampp4\htdocs\CI4\system\Debug\BaseExceptionHandler.php(244): CodeIgniter\Debug\BaseExceptionHandler->CodeIgniter\Debug\{closure}()
#5 D:\xampp4\htdocs\CI4\system\Debug\ExceptionHandler.php(109): CodeIgniter\Debug\BaseExceptionHandler->render(Object(Error), 500, 'D:\\xampp4\\htdoc...')
#6 D:\xampp4\htdocs\CI4\system\Debug\Exceptions.php(147): CodeIgniter\Debug\ExceptionHandler->handle(Object(Error), Object(CodeIgniter\HTTP\IncomingRequest), Object(CodeIgniter\HTTP\Response), 500, 1)
#7 [internal function]: CodeIgniter\Debug\Exceptions->exceptionHandler(Object(Error))
#8 {main}
  thrown
【Previous Exception】
Error
Class "Locale" not found
#0 D:\xampp4\htdocs\CI4\public\index.php(67): CodeIgniter\CodeIgniter->initialize()
#1 {main}
in SYSTEMPATH\Helpers\number_helper.php on line 136.
 1 [internal function]: CodeIgniter\Debug\Exceptions->shutdownHandler()
CRITICAL - 2023-10-17 08:53:40 --> Class "Locale" not found
in SYSTEMPATH\CodeIgniter.php on line 214.
 1 FCPATH\index.php(67): CodeIgniter\CodeIgniter->initialize()
CRITICAL - 2023-10-17 08:53:40 --> Uncaught Error: Class "Locale" not found in D:\xampp4\htdocs\CI4\system\Helpers\number_helper.php:136
Stack trace:
#0 D:\xampp4\htdocs\CI4\system\Helpers\number_helper.php(55): format_number(6, 2, NULL, Array)
#1 D:\xampp4\htdocs\CI4\system\Debug\BaseExceptionHandler.php(145): number_to_size(6, 2)
#2 D:\xampp4\htdocs\CI4\app\Views\errors\html\error_exception.php(360): CodeIgniter\Debug\BaseExceptionHandler::describeMemory(6291456)
#3 D:\xampp4\htdocs\CI4\system\Debug\BaseExceptionHandler.php(241): include('D:\\xampp4\\htdoc...')
#4 D:\xampp4\htdocs\CI4\system\Debug\BaseExceptionHandler.php(244): CodeIgniter\Debug\BaseExceptionHandler->CodeIgniter\Debug\{closure}()
#5 D:\xampp4\htdocs\CI4\system\Debug\ExceptionHandler.php(109): CodeIgniter\Debug\BaseExceptionHandler->render(Object(Error), 500, 'D:\\xampp4\\htdoc...')
#6 D:\xampp4\htdocs\CI4\system\Debug\Exceptions.php(147): CodeIgniter\Debug\ExceptionHandler->handle(Object(Error), Object(CodeIgniter\HTTP\IncomingRequest), Object(CodeIgniter\HTTP\Response), 500, 1)
#7 [internal function]: CodeIgniter\Debug\Exceptions->exceptionHandler(Object(Error))
#8 {main}
  thrown
【Previous Exception】
Error
Class "Locale" not found
#0 D:\xampp4\htdocs\CI4\public\index.php(67): CodeIgniter\CodeIgniter->initialize()
#1 {main}
in SYSTEMPATH\Helpers\number_helper.php on line 136.
 1 [internal function]: CodeIgniter\Debug\Exceptions->shutdownHandler()
CRITICAL - 2023-10-17 07:56:51 --> Invalid file: "layout/header.php"
in SYSTEMPATH\Exceptions\FrameworkException.php on line 39.
 1 SYSTEMPATH\View\View.php(214): CodeIgniter\Exceptions\FrameworkException::forInvalidFile('layout/header.php')
 2 SYSTEMPATH\Common.php(1188): CodeIgniter\View\View->render('layout/header', [], true)
 3 APPPATH\Controllers\Menuutama.php(11): view('layout/header')
 4 SYSTEMPATH\CodeIgniter.php(919): App\Controllers\Menuutama->index()
 5 SYSTEMPATH\CodeIgniter.php(494): CodeIgniter\CodeIgniter->runController(Object(App\Controllers\Menuutama))
 6 SYSTEMPATH\CodeIgniter.php(353): CodeIgniter\CodeIgniter->handleRequest(null, Object(Config\Cache), false)
 7 FCPATH\index.php(79): CodeIgniter\CodeIgniter->run()
 8 SYSTEMPATH\Commands\Server\rewrite.php(47): require_once('D:\\xampp4\\htdocs\\CI4\\public\\index.php')
CRITICAL - 2023-10-17 07:57:17 --> Invalid file: "layout/header.php"
in SYSTEMPATH\Exceptions\FrameworkException.php on line 39.
 1 SYSTEMPATH\View\View.php(214): CodeIgniter\Exceptions\FrameworkException::forInvalidFile('layout/header.php')
 2 SYSTEMPATH\Common.php(1188): CodeIgniter\View\View->render('layout/header', [], true)
 3 APPPATH\Controllers\Menuutama.php(11): view('layout/header')
 4 SYSTEMPATH\CodeIgniter.php(919): App\Controllers\Menuutama->index()
 5 SYSTEMPATH\CodeIgniter.php(494): CodeIgniter\CodeIgniter->runController(Object(App\Controllers\Menuutama))
 6 SYSTEMPATH\CodeIgniter.php(353): CodeIgniter\CodeIgniter->handleRequest(null, Object(Config\Cache), false)
 7 FCPATH\index.php(79): CodeIgniter\CodeIgniter->run()
 8 SYSTEMPATH\Commands\Server\rewrite.php(47): require_once('D:\\xampp4\\htdocs\\CI4\\public\\index.php')
CRITICAL - 2023-10-17 07:58:51 --> Invalid file: "layout/header.php"
in SYSTEMPATH\Exceptions\FrameworkException.php on line 39.
 1 SYSTEMPATH\View\View.php(214): CodeIgniter\Exceptions\FrameworkException::forInvalidFile('layout/header.php')
 2 SYSTEMPATH\Common.php(1188): CodeIgniter\View\View->render('layout/header', [], true)
 3 APPPATH\Controllers\Menuutama.php(11): view('layout/header')
 4 SYSTEMPATH\CodeIgniter.php(919): App\Controllers\Menuutama->index()
 5 SYSTEMPATH\CodeIgniter.php(494): CodeIgniter\CodeIgniter->runController(Object(App\Controllers\Menuutama))
 6 SYSTEMPATH\CodeIgniter.php(353): CodeIgniter\CodeIgniter->handleRequest(null, Object(Config\Cache), false)
 7 FCPATH\index.php(79): CodeIgniter\CodeIgniter->run()
 8 SYSTEMPATH\Commands\Server\rewrite.php(47): require_once('D:\\xampp4\\htdocs\\CI4\\public\\index.php')
CRITICAL - 2023-10-17 07:59:33 --> Invalid file: "layout/header.php"
in SYSTEMPATH\Exceptions\FrameworkException.php on line 39.
 1 SYSTEMPATH\View\View.php(214): CodeIgniter\Exceptions\FrameworkException::forInvalidFile('layout/header.php')
 2 SYSTEMPATH\Common.php(1188): CodeIgniter\View\View->render('layout/header', [], true)
 3 APPPATH\Controllers\Menuutama.php(11): view('layout/header')
 4 SYSTEMPATH\CodeIgniter.php(919): App\Controllers\Menuutama->index()
 5 SYSTEMPATH\CodeIgniter.php(494): CodeIgniter\CodeIgniter->runController(Object(App\Controllers\Menuutama))
 6 SYSTEMPATH\CodeIgniter.php(353): CodeIgniter\CodeIgniter->handleRequest(null, Object(Config\Cache), false)
 7 FCPATH\index.php(79): CodeIgniter\CodeIgniter->run()
 8 SYSTEMPATH\Commands\Server\rewrite.php(47): require_once('D:\\xampp4\\htdocs\\CI4\\public\\index.php')
CRITICAL - 2023-10-17 08:01:06 --> Invalid file: "layout/header.php"
in SYSTEMPATH\Exceptions\FrameworkException.php on line 39.
 1 SYSTEMPATH\View\View.php(214): CodeIgniter\Exceptions\FrameworkException::forInvalidFile('layout/header.php')
 2 SYSTEMPATH\Common.php(1188): CodeIgniter\View\View->render('layout/header', [], true)
 3 APPPATH\Controllers\Menuutama.php(11): view('layout/header')
 4 SYSTEMPATH\CodeIgniter.php(919): App\Controllers\Menuutama->index()
 5 SYSTEMPATH\CodeIgniter.php(494): CodeIgniter\CodeIgniter->runController(Object(App\Controllers\Menuutama))
 6 SYSTEMPATH\CodeIgniter.php(353): CodeIgniter\CodeIgniter->handleRequest(null, Object(Config\Cache), false)
 7 FCPATH\index.php(79): CodeIgniter\CodeIgniter->run()
 8 SYSTEMPATH\Commands\Server\rewrite.php(47): require_once('D:\\xampp4\\htdocs\\CI4\\public\\index.php')
CRITICAL - 2023-10-17 08:03:03 --> Invalid file: "layout/header.php"
in SYSTEMPATH\Exceptions\FrameworkException.php on line 39.
 1 SYSTEMPATH\View\View.php(214): CodeIgniter\Exceptions\FrameworkException::forInvalidFile('layout/header.php')
 2 SYSTEMPATH\Common.php(1188): CodeIgniter\View\View->render('layout/header', [], true)
 3 APPPATH\Controllers\Menuutama.php(11): view('layout/header')
 4 SYSTEMPATH\CodeIgniter.php(919): App\Controllers\Menuutama->index()
 5 SYSTEMPATH\CodeIgniter.php(494): CodeIgniter\CodeIgniter->runController(Object(App\Controllers\Menuutama))
 6 SYSTEMPATH\CodeIgniter.php(353): CodeIgniter\CodeIgniter->handleRequest(null, Object(Config\Cache), false)
 7 FCPATH\index.php(79): CodeIgniter\CodeIgniter->run()
 8 SYSTEMPATH\Commands\Server\rewrite.php(47): require_once('D:\\xampp4\\htdocs\\CI4\\public\\index.php')
CRITICAL - 2023-10-17 08:03:04 --> Invalid file: "layout/header.php"
in SYSTEMPATH\Exceptions\FrameworkException.php on line 39.
 1 SYSTEMPATH\View\View.php(214): CodeIgniter\Exceptions\FrameworkException::forInvalidFile('layout/header.php')
 2 SYSTEMPATH\Common.php(1188): CodeIgniter\View\View->render('layout/header', [], true)
 3 APPPATH\Controllers\Menuutama.php(11): view('layout/header')
 4 SYSTEMPATH\CodeIgniter.php(919): App\Controllers\Menuutama->index()
 5 SYSTEMPATH\CodeIgniter.php(494): CodeIgniter\CodeIgniter->runController(Object(App\Controllers\Menuutama))
 6 SYSTEMPATH\CodeIgniter.php(353): CodeIgniter\CodeIgniter->handleRequest(null, Object(Config\Cache), false)
 7 FCPATH\index.php(79): CodeIgniter\CodeIgniter->run()
 8 SYSTEMPATH\Commands\Server\rewrite.php(47): require_once('D:\\xampp4\\htdocs\\CI4\\public\\index.php')
CRITICAL - 2023-10-17 08:03:04 --> Invalid file: "layout/header.php"
in SYSTEMPATH\Exceptions\FrameworkException.php on line 39.
 1 SYSTEMPATH\View\View.php(214): CodeIgniter\Exceptions\FrameworkException::forInvalidFile('layout/header.php')
 2 SYSTEMPATH\Common.php(1188): CodeIgniter\View\View->render('layout/header', [], true)
 3 APPPATH\Controllers\Menuutama.php(11): view('layout/header')
 4 SYSTEMPATH\CodeIgniter.php(919): App\Controllers\Menuutama->index()
 5 SYSTEMPATH\CodeIgniter.php(494): CodeIgniter\CodeIgniter->runController(Object(App\Controllers\Menuutama))
 6 SYSTEMPATH\CodeIgniter.php(353): CodeIgniter\CodeIgniter->handleRequest(null, Object(Config\Cache), false)
 7 FCPATH\index.php(79): CodeIgniter\CodeIgniter->run()
 8 SYSTEMPATH\Commands\Server\rewrite.php(47): require_once('D:\\xampp4\\htdocs\\CI4\\public\\index.php')
CRITICAL - 2023-10-17 08:03:27 --> Invalid file: "layout/header.php"
in SYSTEMPATH\Exceptions\FrameworkException.php on line 39.
 1 SYSTEMPATH\View\View.php(214): CodeIgniter\Exceptions\FrameworkException::forInvalidFile('layout/header.php')
 2 SYSTEMPATH\Common.php(1188): CodeIgniter\View\View->render('layout/header', [], true)
 3 APPPATH\Controllers\Menuutama.php(11): view('layout/header')
 4 SYSTEMPATH\CodeIgniter.php(919): App\Controllers\Menuutama->index()
 5 SYSTEMPATH\CodeIgniter.php(494): CodeIgniter\CodeIgniter->runController(Object(App\Controllers\Menuutama))
 6 SYSTEMPATH\CodeIgniter.php(353): CodeIgniter\CodeIgniter->handleRequest(null, Object(Config\Cache), false)
 7 FCPATH\index.php(79): CodeIgniter\CodeIgniter->run()
 8 SYSTEMPATH\Commands\Server\rewrite.php(47): require_once('D:\\xampp4\\htdocs\\CI4\\public\\index.php')
