INFO - 2024-01-21 09:01:03 --> Session: Class initialized using 'CodeIgniter\Session\Handlers\FileHandler' driver.
INFO - 2024-01-21 09:01:03 --> Session: Class initialized using 'CodeIgniter\Session\Handlers\FileHandler' driver.
CRITICAL - 2024-01-21 09:01:03 --> Undefined variable $pegawai
in APPPATH\Views\datapegawai.php on line 36.
 1 APPPATH\Views\datapegawai.php(36): CodeIgniter\Debug\Exceptions->errorHandler(2, 'Undefined variable $pegawai', 'D:\\xampp1\\htdocs\\latihan_ci4\\app\\Views\\datapegawai.php', 36)
 2 SYSTEMPATH\View\View.php(226): include('D:\\xampp1\\htdocs\\latihan_ci4\\app\\Views\\datapegawai.php')
 3 SYSTEMPATH\View\View.php(229): CodeIgniter\View\View->CodeIgniter\View\{closure}()
 4 SYSTEMPATH\Common.php(1188): CodeIgniter\View\View->render('/datapegawai', [], true)
 5 APPPATH\Controllers\Datapegawai.php(12): view('/datapegawai')
 6 SYSTEMPATH\CodeIgniter.php(919): App\Controllers\Datapegawai->datapegawai()
 7 SYSTEMPATH\CodeIgniter.php(494): CodeIgniter\CodeIgniter->runController(Object(App\Controllers\Datapegawai))
 8 SYSTEMPATH\CodeIgniter.php(353): CodeIgniter\CodeIgniter->handleRequest(null, Object(Config\Cache), false)
 9 FCPATH\index.php(79): CodeIgniter\CodeIgniter->run()
10 SYSTEMPATH\Commands\Server\rewrite.php(47): require_once('D:\\xampp1\\htdocs\\latihan_ci4\\public\\index.php')
CRITICAL - 2024-01-21 09:01:31 --> syntax error, unexpected token "endforeach", expecting end of file
in APPPATH\Views\datapegawai.php on line 45.
 1 SYSTEMPATH\View\View.php(229): CodeIgniter\View\View->CodeIgniter\View\{closure}()
 2 SYSTEMPATH\Common.php(1188): CodeIgniter\View\View->render('/datapegawai', [], true)
 3 APPPATH\Controllers\Datapegawai.php(12): view('/datapegawai')
 4 SYSTEMPATH\CodeIgniter.php(919): App\Controllers\Datapegawai->datapegawai()
 5 SYSTEMPATH\CodeIgniter.php(494): CodeIgniter\CodeIgniter->runController(Object(App\Controllers\Datapegawai))
 6 SYSTEMPATH\CodeIgniter.php(353): CodeIgniter\CodeIgniter->handleRequest(null, Object(Config\Cache), false)
 7 FCPATH\index.php(79): CodeIgniter\CodeIgniter->run()
 8 SYSTEMPATH\Commands\Server\rewrite.php(47): require_once('D:\\xampp1\\htdocs\\latihan_ci4\\public\\index.php')
CRITICAL - 2024-01-21 09:01:31 --> syntax error, unexpected token "endforeach", expecting end of file
in APPPATH\Views\datapegawai.php on line 45.
 1 SYSTEMPATH\View\View.php(229): CodeIgniter\View\View->CodeIgniter\View\{closure}()
 2 SYSTEMPATH\Common.php(1188): CodeIgniter\View\View->render('/datapegawai', [], true)
 3 APPPATH\Controllers\Datapegawai.php(12): view('/datapegawai')
 4 SYSTEMPATH\CodeIgniter.php(919): App\Controllers\Datapegawai->datapegawai()
 5 SYSTEMPATH\CodeIgniter.php(494): CodeIgniter\CodeIgniter->runController(Object(App\Controllers\Datapegawai))
 6 SYSTEMPATH\CodeIgniter.php(353): CodeIgniter\CodeIgniter->handleRequest(null, Object(Config\Cache), false)
 7 FCPATH\index.php(79): CodeIgniter\CodeIgniter->run()
 8 SYSTEMPATH\Commands\Server\rewrite.php(47): require_once('D:\\xampp1\\htdocs\\latihan_ci4\\public\\index.php')
INFO - 2024-01-21 09:01:43 --> Session: Class initialized using 'CodeIgniter\Session\Handlers\FileHandler' driver.
CRITICAL - 2024-01-21 09:01:43 --> Undefined variable $no
in APPPATH\Views\datapegawai.php on line 35.
 1 APPPATH\Views\datapegawai.php(35): CodeIgniter\Debug\Exceptions->errorHandler(2, 'Undefined variable $no', 'D:\\xampp1\\htdocs\\latihan_ci4\\app\\Views\\datapegawai.php', 35)
 2 SYSTEMPATH\View\View.php(226): include('D:\\xampp1\\htdocs\\latihan_ci4\\app\\Views\\datapegawai.php')
 3 SYSTEMPATH\View\View.php(229): CodeIgniter\View\View->CodeIgniter\View\{closure}()
 4 SYSTEMPATH\Common.php(1188): CodeIgniter\View\View->render('/datapegawai', [], true)
 5 APPPATH\Controllers\Datapegawai.php(12): view('/datapegawai')
 6 SYSTEMPATH\CodeIgniter.php(919): App\Controllers\Datapegawai->datapegawai()
 7 SYSTEMPATH\CodeIgniter.php(494): CodeIgniter\CodeIgniter->runController(Object(App\Controllers\Datapegawai))
 8 SYSTEMPATH\CodeIgniter.php(353): CodeIgniter\CodeIgniter->handleRequest(null, Object(Config\Cache), false)
 9 FCPATH\index.php(79): CodeIgniter\CodeIgniter->run()
10 SYSTEMPATH\Commands\Server\rewrite.php(47): require_once('D:\\xampp1\\htdocs\\latihan_ci4\\public\\index.php')
INFO - 2024-01-21 09:01:44 --> Session: Class initialized using 'CodeIgniter\Session\Handlers\FileHandler' driver.
CRITICAL - 2024-01-21 09:01:44 --> Undefined variable $no
in APPPATH\Views\datapegawai.php on line 35.
 1 APPPATH\Views\datapegawai.php(35): CodeIgniter\Debug\Exceptions->errorHandler(2, 'Undefined variable $no', 'D:\\xampp1\\htdocs\\latihan_ci4\\app\\Views\\datapegawai.php', 35)
 2 SYSTEMPATH\View\View.php(226): include('D:\\xampp1\\htdocs\\latihan_ci4\\app\\Views\\datapegawai.php')
 3 SYSTEMPATH\View\View.php(229): CodeIgniter\View\View->CodeIgniter\View\{closure}()
 4 SYSTEMPATH\Common.php(1188): CodeIgniter\View\View->render('/datapegawai', [], true)
 5 APPPATH\Controllers\Datapegawai.php(12): view('/datapegawai')
 6 SYSTEMPATH\CodeIgniter.php(919): App\Controllers\Datapegawai->datapegawai()
 7 SYSTEMPATH\CodeIgniter.php(494): CodeIgniter\CodeIgniter->runController(Object(App\Controllers\Datapegawai))
 8 SYSTEMPATH\CodeIgniter.php(353): CodeIgniter\CodeIgniter->handleRequest(null, Object(Config\Cache), false)
 9 FCPATH\index.php(79): CodeIgniter\CodeIgniter->run()
10 SYSTEMPATH\Commands\Server\rewrite.php(47): require_once('D:\\xampp1\\htdocs\\latihan_ci4\\public\\index.php')
INFO - 2024-01-21 09:02:00 --> Session: Class initialized using 'CodeIgniter\Session\Handlers\FileHandler' driver.
INFO - 2024-01-21 09:02:01 --> Session: Class initialized using 'CodeIgniter\Session\Handlers\FileHandler' driver.
INFO - 2024-01-21 09:02:02 --> Session: Class initialized using 'CodeIgniter\Session\Handlers\FileHandler' driver.
INFO - 2024-01-21 09:02:09 --> Session: Class initialized using 'CodeIgniter\Session\Handlers\FileHandler' driver.
INFO - 2024-01-21 09:02:11 --> Session: Class initialized using 'CodeIgniter\Session\Handlers\FileHandler' driver.
INFO - 2024-01-21 09:02:12 --> Session: Class initialized using 'CodeIgniter\Session\Handlers\FileHandler' driver.
INFO - 2024-01-21 09:02:13 --> Session: Class initialized using 'CodeIgniter\Session\Handlers\FileHandler' driver.
INFO - 2024-01-21 09:02:15 --> Session: Class initialized using 'CodeIgniter\Session\Handlers\FileHandler' driver.
INFO - 2024-01-21 09:02:16 --> Session: Class initialized using 'CodeIgniter\Session\Handlers\FileHandler' driver.
INFO - 2024-01-21 09:02:17 --> Session: Class initialized using 'CodeIgniter\Session\Handlers\FileHandler' driver.
INFO - 2024-01-21 09:02:20 --> Session: Class initialized using 'CodeIgniter\Session\Handlers\FileHandler' driver.
INFO - 2024-01-21 09:02:41 --> Session: Class initialized using 'CodeIgniter\Session\Handlers\FileHandler' driver.
INFO - 2024-01-21 09:02:55 --> Session: Class initialized using 'CodeIgniter\Session\Handlers\FileHandler' driver.
INFO - 2024-01-21 09:02:55 --> Session: Class initialized using 'CodeIgniter\Session\Handlers\FileHandler' driver.
INFO - 2024-01-21 09:02:56 --> Session: Class initialized using 'CodeIgniter\Session\Handlers\FileHandler' driver.
INFO - 2024-01-21 09:03:16 --> Session: Class initialized using 'CodeIgniter\Session\Handlers\FileHandler' driver.
INFO - 2024-01-21 09:03:16 --> Session: Class initialized using 'CodeIgniter\Session\Handlers\FileHandler' driver.
INFO - 2024-01-21 09:04:38 --> Session: Class initialized using 'CodeIgniter\Session\Handlers\FileHandler' driver.
INFO - 2024-01-21 09:04:52 --> Session: Class initialized using 'CodeIgniter\Session\Handlers\FileHandler' driver.
INFO - 2024-01-21 09:05:02 --> Session: Class initialized using 'CodeIgniter\Session\Handlers\FileHandler' driver.
INFO - 2024-01-21 09:05:14 --> Session: Class initialized using 'CodeIgniter\Session\Handlers\FileHandler' driver.
INFO - 2024-01-21 09:05:16 --> Session: Class initialized using 'CodeIgniter\Session\Handlers\FileHandler' driver.
INFO - 2024-01-21 09:07:01 --> Session: Class initialized using 'CodeIgniter\Session\Handlers\FileHandler' driver.
CRITICAL - 2024-01-21 09:07:08 --> Undefined variable $no
in APPPATH\Views\datapegawai.php on line 32.
 1 APPPATH\Views\datapegawai.php(32): CodeIgniter\Debug\Exceptions->errorHandler(2, 'Undefined variable $no', 'D:\\xampp1\\htdocs\\latihan_ci4\\app\\Views\\datapegawai.php', 32)
 2 SYSTEMPATH\View\View.php(226): include('D:\\xampp1\\htdocs\\latihan_ci4\\app\\Views\\datapegawai.php')
 3 SYSTEMPATH\View\View.php(229): CodeIgniter\View\View->CodeIgniter\View\{closure}()
 4 SYSTEMPATH\Common.php(1188): CodeIgniter\View\View->render('/datapegawai', [], true)
 5 APPPATH\Controllers\Datapegawai.php(12): view('/datapegawai')
 6 SYSTEMPATH\CodeIgniter.php(919): App\Controllers\Datapegawai->datapegawai()
 7 SYSTEMPATH\CodeIgniter.php(494): CodeIgniter\CodeIgniter->runController(Object(App\Controllers\Datapegawai))
 8 SYSTEMPATH\CodeIgniter.php(353): CodeIgniter\CodeIgniter->handleRequest(null, Object(Config\Cache), false)
 9 FCPATH\index.php(79): CodeIgniter\CodeIgniter->run()
10 SYSTEMPATH\Commands\Server\rewrite.php(47): require_once('D:\\xampp1\\htdocs\\latihan_ci4\\public\\index.php')
CRITICAL - 2024-01-21 09:07:19 --> Undefined variable $data
in APPPATH\Views\datapegawai.php on line 33.
 1 APPPATH\Views\datapegawai.php(33): CodeIgniter\Debug\Exceptions->errorHandler(2, 'Undefined variable $data', 'D:\\xampp1\\htdocs\\latihan_ci4\\app\\Views\\datapegawai.php', 33)
 2 SYSTEMPATH\View\View.php(226): include('D:\\xampp1\\htdocs\\latihan_ci4\\app\\Views\\datapegawai.php')
 3 SYSTEMPATH\View\View.php(229): CodeIgniter\View\View->CodeIgniter\View\{closure}()
 4 SYSTEMPATH\Common.php(1188): CodeIgniter\View\View->render('/datapegawai', [], true)
 5 APPPATH\Controllers\Datapegawai.php(12): view('/datapegawai')
 6 SYSTEMPATH\CodeIgniter.php(919): App\Controllers\Datapegawai->datapegawai()
 7 SYSTEMPATH\CodeIgniter.php(494): CodeIgniter\CodeIgniter->runController(Object(App\Controllers\Datapegawai))
 8 SYSTEMPATH\CodeIgniter.php(353): CodeIgniter\CodeIgniter->handleRequest(null, Object(Config\Cache), false)
 9 FCPATH\index.php(79): CodeIgniter\CodeIgniter->run()
10 SYSTEMPATH\Commands\Server\rewrite.php(47): require_once('D:\\xampp1\\htdocs\\latihan_ci4\\public\\index.php')
CRITICAL - 2024-01-21 09:07:20 --> Undefined variable $data
in APPPATH\Views\datapegawai.php on line 33.
 1 APPPATH\Views\datapegawai.php(33): CodeIgniter\Debug\Exceptions->errorHandler(2, 'Undefined variable $data', 'D:\\xampp1\\htdocs\\latihan_ci4\\app\\Views\\datapegawai.php', 33)
 2 SYSTEMPATH\View\View.php(226): include('D:\\xampp1\\htdocs\\latihan_ci4\\app\\Views\\datapegawai.php')
 3 SYSTEMPATH\View\View.php(229): CodeIgniter\View\View->CodeIgniter\View\{closure}()
 4 SYSTEMPATH\Common.php(1188): CodeIgniter\View\View->render('/datapegawai', [], true)
 5 APPPATH\Controllers\Datapegawai.php(12): view('/datapegawai')
 6 SYSTEMPATH\CodeIgniter.php(919): App\Controllers\Datapegawai->datapegawai()
 7 SYSTEMPATH\CodeIgniter.php(494): CodeIgniter\CodeIgniter->runController(Object(App\Controllers\Datapegawai))
 8 SYSTEMPATH\CodeIgniter.php(353): CodeIgniter\CodeIgniter->handleRequest(null, Object(Config\Cache), false)
 9 FCPATH\index.php(79): CodeIgniter\CodeIgniter->run()
10 SYSTEMPATH\Commands\Server\rewrite.php(47): require_once('D:\\xampp1\\htdocs\\latihan_ci4\\public\\index.php')
INFO - 2024-01-21 09:08:45 --> Session: Class initialized using 'CodeIgniter\Session\Handlers\FileHandler' driver.
INFO - 2024-01-21 09:11:59 --> Session: Class initialized using 'CodeIgniter\Session\Handlers\FileHandler' driver.
CRITICAL - 2024-01-21 09:11:59 --> Undefined variable $pegawai
in APPPATH\Views\admin\pegawai\pegawai.php on line 43.
 1 APPPATH\Views\admin\pegawai\pegawai.php(43): CodeIgniter\Debug\Exceptions->errorHandler(2, 'Undefined variable $pegawai', 'D:\\xampp1\\htdocs\\latihan_ci4\\app\\Views\\admin\\pegawai\\pegawai.php', 43)
 2 SYSTEMPATH\View\View.php(226): include('D:\\xampp1\\htdocs\\latihan_ci4\\app\\Views\\admin\\pegawai\\pegawai.php')
 3 SYSTEMPATH\View\View.php(229): CodeIgniter\View\View->CodeIgniter\View\{closure}()
 4 SYSTEMPATH\View\View.php(467): CodeIgniter\View\View->render('/admin/pegawai/pegawai', null, true)
 5 APPPATH\Views\datapegawai.php(1): CodeIgniter\View\View->include('/admin/pegawai/pegawai')
 6 SYSTEMPATH\View\View.php(226): include('D:\\xampp1\\htdocs\\latihan_ci4\\app\\Views\\datapegawai.php')
 7 SYSTEMPATH\View\View.php(229): CodeIgniter\View\View->CodeIgniter\View\{closure}()
 8 SYSTEMPATH\Common.php(1188): CodeIgniter\View\View->render('/datapegawai', [], true)
 9 APPPATH\Controllers\Datapegawai.php(12): view('/datapegawai')
10 SYSTEMPATH\CodeIgniter.php(919): App\Controllers\Datapegawai->datapegawai()
11 SYSTEMPATH\CodeIgniter.php(494): CodeIgniter\CodeIgniter->runController(Object(App\Controllers\Datapegawai))
12 SYSTEMPATH\CodeIgniter.php(353): CodeIgniter\CodeIgniter->handleRequest(null, Object(Config\Cache), false)
13 FCPATH\index.php(79): CodeIgniter\CodeIgniter->run()
14 SYSTEMPATH\Commands\Server\rewrite.php(47): require_once('D:\\xampp1\\htdocs\\latihan_ci4\\public\\index.php')
INFO - 2024-01-21 09:12:15 --> Session: Class initialized using 'CodeIgniter\Session\Handlers\FileHandler' driver.
CRITICAL - 2024-01-21 09:12:15 --> Undefined variable $pegawai
in APPPATH\Views\admin\pegawai\pegawai.php on line 43.
 1 APPPATH\Views\admin\pegawai\pegawai.php(43): CodeIgniter\Debug\Exceptions->errorHandler(2, 'Undefined variable $pegawai', 'D:\\xampp1\\htdocs\\latihan_ci4\\app\\Views\\admin\\pegawai\\pegawai.php', 43)
 2 SYSTEMPATH\View\View.php(226): include('D:\\xampp1\\htdocs\\latihan_ci4\\app\\Views\\admin\\pegawai\\pegawai.php')
 3 SYSTEMPATH\View\View.php(229): CodeIgniter\View\View->CodeIgniter\View\{closure}()
 4 SYSTEMPATH\View\View.php(467): CodeIgniter\View\View->render('/admin/pegawai/pegawai', null, true)
 5 APPPATH\Views\datapegawai.php(1): CodeIgniter\View\View->include('/admin/pegawai/pegawai')
 6 SYSTEMPATH\View\View.php(226): include('D:\\xampp1\\htdocs\\latihan_ci4\\app\\Views\\datapegawai.php')
 7 SYSTEMPATH\View\View.php(229): CodeIgniter\View\View->CodeIgniter\View\{closure}()
 8 SYSTEMPATH\Common.php(1188): CodeIgniter\View\View->render('/datapegawai', [], true)
 9 APPPATH\Controllers\Datapegawai.php(12): view('/datapegawai')
10 SYSTEMPATH\CodeIgniter.php(919): App\Controllers\Datapegawai->datapegawai()
11 SYSTEMPATH\CodeIgniter.php(494): CodeIgniter\CodeIgniter->runController(Object(App\Controllers\Datapegawai))
12 SYSTEMPATH\CodeIgniter.php(353): CodeIgniter\CodeIgniter->handleRequest(null, Object(Config\Cache), false)
13 FCPATH\index.php(79): CodeIgniter\CodeIgniter->run()
14 SYSTEMPATH\Commands\Server\rewrite.php(47): require_once('D:\\xampp1\\htdocs\\latihan_ci4\\public\\index.php')
INFO - 2024-01-21 09:12:24 --> Session: Class initialized using 'CodeIgniter\Session\Handlers\FileHandler' driver.
CRITICAL - 2024-01-21 09:12:24 --> Undefined variable $pegawai
in APPPATH\Views\admin\pegawai\pegawai.php on line 43.
 1 APPPATH\Views\admin\pegawai\pegawai.php(43): CodeIgniter\Debug\Exceptions->errorHandler(2, 'Undefined variable $pegawai', 'D:\\xampp1\\htdocs\\latihan_ci4\\app\\Views\\admin\\pegawai\\pegawai.php', 43)
 2 SYSTEMPATH\View\View.php(226): include('D:\\xampp1\\htdocs\\latihan_ci4\\app\\Views\\admin\\pegawai\\pegawai.php')
 3 SYSTEMPATH\View\View.php(229): CodeIgniter\View\View->CodeIgniter\View\{closure}()
 4 SYSTEMPATH\View\View.php(467): CodeIgniter\View\View->render('/admin/pegawai/pegawai', null, true)
 5 APPPATH\Views\datapegawai.php(1): CodeIgniter\View\View->include('/admin/pegawai/pegawai')
 6 SYSTEMPATH\View\View.php(226): include('D:\\xampp1\\htdocs\\latihan_ci4\\app\\Views\\datapegawai.php')
 7 SYSTEMPATH\View\View.php(229): CodeIgniter\View\View->CodeIgniter\View\{closure}()
 8 SYSTEMPATH\Common.php(1188): CodeIgniter\View\View->render('/datapegawai', [], true)
 9 APPPATH\Controllers\Datapegawai.php(12): view('/datapegawai')
10 SYSTEMPATH\CodeIgniter.php(919): App\Controllers\Datapegawai->datapegawai()
11 SYSTEMPATH\CodeIgniter.php(494): CodeIgniter\CodeIgniter->runController(Object(App\Controllers\Datapegawai))
12 SYSTEMPATH\CodeIgniter.php(353): CodeIgniter\CodeIgniter->handleRequest(null, Object(Config\Cache), false)
13 FCPATH\index.php(79): CodeIgniter\CodeIgniter->run()
14 SYSTEMPATH\Commands\Server\rewrite.php(47): require_once('D:\\xampp1\\htdocs\\latihan_ci4\\public\\index.php')
INFO - 2024-01-21 09:13:02 --> Session: Class initialized using 'CodeIgniter\Session\Handlers\FileHandler' driver.
INFO - 2024-01-21 09:13:02 --> Session: Class initialized using 'CodeIgniter\Session\Handlers\FileHandler' driver.
CRITICAL - 2024-01-21 09:13:02 --> Undefined variable $pegawai
in APPPATH\Views\admin\pegawai\pegawai.php on line 43.
 1 APPPATH\Views\admin\pegawai\pegawai.php(43): CodeIgniter\Debug\Exceptions->errorHandler(2, 'Undefined variable $pegawai', 'D:\\xampp1\\htdocs\\latihan_ci4\\app\\Views\\admin\\pegawai\\pegawai.php', 43)
 2 SYSTEMPATH\View\View.php(226): include('D:\\xampp1\\htdocs\\latihan_ci4\\app\\Views\\admin\\pegawai\\pegawai.php')
 3 SYSTEMPATH\View\View.php(229): CodeIgniter\View\View->CodeIgniter\View\{closure}()
 4 SYSTEMPATH\View\View.php(467): CodeIgniter\View\View->render('/admin/pegawai/pegawai', null, true)
 5 APPPATH\Views\datapegawai.php(1): CodeIgniter\View\View->include('/admin/pegawai/pegawai')
 6 SYSTEMPATH\View\View.php(226): include('D:\\xampp1\\htdocs\\latihan_ci4\\app\\Views\\datapegawai.php')
 7 SYSTEMPATH\View\View.php(229): CodeIgniter\View\View->CodeIgniter\View\{closure}()
 8 SYSTEMPATH\Common.php(1188): CodeIgniter\View\View->render('/datapegawai', [], true)
 9 APPPATH\Controllers\Datapegawai.php(12): view('/datapegawai')
10 SYSTEMPATH\CodeIgniter.php(919): App\Controllers\Datapegawai->datapegawai()
11 SYSTEMPATH\CodeIgniter.php(494): CodeIgniter\CodeIgniter->runController(Object(App\Controllers\Datapegawai))
12 SYSTEMPATH\CodeIgniter.php(353): CodeIgniter\CodeIgniter->handleRequest(null, Object(Config\Cache), false)
13 FCPATH\index.php(79): CodeIgniter\CodeIgniter->run()
14 SYSTEMPATH\Commands\Server\rewrite.php(47): require_once('D:\\xampp1\\htdocs\\latihan_ci4\\public\\index.php')
INFO - 2024-01-21 09:14:04 --> Session: Class initialized using 'CodeIgniter\Session\Handlers\FileHandler' driver.
CRITICAL - 2024-01-21 09:14:04 --> Undefined variable $data
in APPPATH\Views\datapegawai.php on line 23.
 1 APPPATH\Views\datapegawai.php(23): CodeIgniter\Debug\Exceptions->errorHandler(2, 'Undefined variable $data', 'D:\\xampp1\\htdocs\\latihan_ci4\\app\\Views\\datapegawai.php', 23)
 2 SYSTEMPATH\View\View.php(226): include('D:\\xampp1\\htdocs\\latihan_ci4\\app\\Views\\datapegawai.php')
 3 SYSTEMPATH\View\View.php(229): CodeIgniter\View\View->CodeIgniter\View\{closure}()
 4 SYSTEMPATH\Common.php(1188): CodeIgniter\View\View->render('/datapegawai', [], true)
 5 APPPATH\Controllers\Datapegawai.php(12): view('/datapegawai')
 6 SYSTEMPATH\CodeIgniter.php(919): App\Controllers\Datapegawai->datapegawai()
 7 SYSTEMPATH\CodeIgniter.php(494): CodeIgniter\CodeIgniter->runController(Object(App\Controllers\Datapegawai))
 8 SYSTEMPATH\CodeIgniter.php(353): CodeIgniter\CodeIgniter->handleRequest(null, Object(Config\Cache), false)
 9 FCPATH\index.php(79): CodeIgniter\CodeIgniter->run()
10 SYSTEMPATH\Commands\Server\rewrite.php(47): require_once('D:\\xampp1\\htdocs\\latihan_ci4\\public\\index.php')
INFO - 2024-01-21 09:15:40 --> Session: Class initialized using 'CodeIgniter\Session\Handlers\FileHandler' driver.
INFO - 2024-01-21 09:16:00 --> Session: Class initialized using 'CodeIgniter\Session\Handlers\FileHandler' driver.
INFO - 2024-01-21 09:16:05 --> Session: Class initialized using 'CodeIgniter\Session\Handlers\FileHandler' driver.
INFO - 2024-01-21 09:16:11 --> Session: Class initialized using 'CodeIgniter\Session\Handlers\FileHandler' driver.
CRITICAL - 2024-01-21 09:18:57 --> include(koneksi.php): Failed to open stream: No such file or directory
in APPPATH\Views\datapegawai.php on line 3.
 1 APPPATH\Views\datapegawai.php(3): CodeIgniter\Debug\Exceptions->errorHandler(2, 'include(koneksi.php): Failed to open stream: No such file or directory', 'D:\\xampp1\\htdocs\\latihan_ci4\\app\\Views\\datapegawai.php', 3)
 2 APPPATH\Views\datapegawai.php(3): include()
 3 SYSTEMPATH\View\View.php(226): include('D:\\xampp1\\htdocs\\latihan_ci4\\app\\Views\\datapegawai.php')
 4 SYSTEMPATH\View\View.php(229): CodeIgniter\View\View->CodeIgniter\View\{closure}()
 5 SYSTEMPATH\Common.php(1188): CodeIgniter\View\View->render('/datapegawai', [], true)
 6 APPPATH\Controllers\Datapegawai.php(12): view('/datapegawai')
 7 SYSTEMPATH\CodeIgniter.php(919): App\Controllers\Datapegawai->datapegawai()
 8 SYSTEMPATH\CodeIgniter.php(494): CodeIgniter\CodeIgniter->runController(Object(App\Controllers\Datapegawai))
 9 SYSTEMPATH\CodeIgniter.php(353): CodeIgniter\CodeIgniter->handleRequest(null, Object(Config\Cache), false)
10 FCPATH\index.php(79): CodeIgniter\CodeIgniter->run()
11 SYSTEMPATH\Commands\Server\rewrite.php(47): require_once('D:\\xampp1\\htdocs\\latihan_ci4\\public\\index.php')
CRITICAL - 2024-01-21 09:19:08 --> Undefined array key "namapegawai"
in APPPATH\Views\datapegawai.php on line 4.
 1 APPPATH\Views\datapegawai.php(4): CodeIgniter\Debug\Exceptions->errorHandler(2, 'Undefined array key "namapegawai"', 'D:\\xampp1\\htdocs\\latihan_ci4\\app\\Views\\datapegawai.php', 4)
 2 SYSTEMPATH\View\View.php(226): include('D:\\xampp1\\htdocs\\latihan_ci4\\app\\Views\\datapegawai.php')
 3 SYSTEMPATH\View\View.php(229): CodeIgniter\View\View->CodeIgniter\View\{closure}()
 4 SYSTEMPATH\Common.php(1188): CodeIgniter\View\View->render('/datapegawai', [], true)
 5 APPPATH\Controllers\Datapegawai.php(12): view('/datapegawai')
 6 SYSTEMPATH\CodeIgniter.php(919): App\Controllers\Datapegawai->datapegawai()
 7 SYSTEMPATH\CodeIgniter.php(494): CodeIgniter\CodeIgniter->runController(Object(App\Controllers\Datapegawai))
 8 SYSTEMPATH\CodeIgniter.php(353): CodeIgniter\CodeIgniter->handleRequest(null, Object(Config\Cache), false)
 9 FCPATH\index.php(79): CodeIgniter\CodeIgniter->run()
10 SYSTEMPATH\Commands\Server\rewrite.php(47): require_once('D:\\xampp1\\htdocs\\latihan_ci4\\public\\index.php')
CRITICAL - 2024-01-21 09:19:09 --> Undefined array key "namapegawai"
in APPPATH\Views\datapegawai.php on line 4.
 1 APPPATH\Views\datapegawai.php(4): CodeIgniter\Debug\Exceptions->errorHandler(2, 'Undefined array key "namapegawai"', 'D:\\xampp1\\htdocs\\latihan_ci4\\app\\Views\\datapegawai.php', 4)
 2 SYSTEMPATH\View\View.php(226): include('D:\\xampp1\\htdocs\\latihan_ci4\\app\\Views\\datapegawai.php')
 3 SYSTEMPATH\View\View.php(229): CodeIgniter\View\View->CodeIgniter\View\{closure}()
 4 SYSTEMPATH\Common.php(1188): CodeIgniter\View\View->render('/datapegawai', [], true)
 5 APPPATH\Controllers\Datapegawai.php(12): view('/datapegawai')
 6 SYSTEMPATH\CodeIgniter.php(919): App\Controllers\Datapegawai->datapegawai()
 7 SYSTEMPATH\CodeIgniter.php(494): CodeIgniter\CodeIgniter->runController(Object(App\Controllers\Datapegawai))
 8 SYSTEMPATH\CodeIgniter.php(353): CodeIgniter\CodeIgniter->handleRequest(null, Object(Config\Cache), false)
 9 FCPATH\index.php(79): CodeIgniter\CodeIgniter->run()
10 SYSTEMPATH\Commands\Server\rewrite.php(47): require_once('D:\\xampp1\\htdocs\\latihan_ci4\\public\\index.php')
CRITICAL - 2024-01-21 09:19:09 --> Undefined array key "namapegawai"
in APPPATH\Views\datapegawai.php on line 4.
 1 APPPATH\Views\datapegawai.php(4): CodeIgniter\Debug\Exceptions->errorHandler(2, 'Undefined array key "namapegawai"', 'D:\\xampp1\\htdocs\\latihan_ci4\\app\\Views\\datapegawai.php', 4)
 2 SYSTEMPATH\View\View.php(226): include('D:\\xampp1\\htdocs\\latihan_ci4\\app\\Views\\datapegawai.php')
 3 SYSTEMPATH\View\View.php(229): CodeIgniter\View\View->CodeIgniter\View\{closure}()
 4 SYSTEMPATH\Common.php(1188): CodeIgniter\View\View->render('/datapegawai', [], true)
 5 APPPATH\Controllers\Datapegawai.php(12): view('/datapegawai')
 6 SYSTEMPATH\CodeIgniter.php(919): App\Controllers\Datapegawai->datapegawai()
 7 SYSTEMPATH\CodeIgniter.php(494): CodeIgniter\CodeIgniter->runController(Object(App\Controllers\Datapegawai))
 8 SYSTEMPATH\CodeIgniter.php(353): CodeIgniter\CodeIgniter->handleRequest(null, Object(Config\Cache), false)
 9 FCPATH\index.php(79): CodeIgniter\CodeIgniter->run()
10 SYSTEMPATH\Commands\Server\rewrite.php(47): require_once('D:\\xampp1\\htdocs\\latihan_ci4\\public\\index.php')
CRITICAL - 2024-01-21 09:19:10 --> Undefined array key "namapegawai"
in APPPATH\Views\datapegawai.php on line 4.
 1 APPPATH\Views\datapegawai.php(4): CodeIgniter\Debug\Exceptions->errorHandler(2, 'Undefined array key "namapegawai"', 'D:\\xampp1\\htdocs\\latihan_ci4\\app\\Views\\datapegawai.php', 4)
 2 SYSTEMPATH\View\View.php(226): include('D:\\xampp1\\htdocs\\latihan_ci4\\app\\Views\\datapegawai.php')
 3 SYSTEMPATH\View\View.php(229): CodeIgniter\View\View->CodeIgniter\View\{closure}()
 4 SYSTEMPATH\Common.php(1188): CodeIgniter\View\View->render('/datapegawai', [], true)
 5 APPPATH\Controllers\Datapegawai.php(12): view('/datapegawai')
 6 SYSTEMPATH\CodeIgniter.php(919): App\Controllers\Datapegawai->datapegawai()
 7 SYSTEMPATH\CodeIgniter.php(494): CodeIgniter\CodeIgniter->runController(Object(App\Controllers\Datapegawai))
 8 SYSTEMPATH\CodeIgniter.php(353): CodeIgniter\CodeIgniter->handleRequest(null, Object(Config\Cache), false)
 9 FCPATH\index.php(79): CodeIgniter\CodeIgniter->run()
10 SYSTEMPATH\Commands\Server\rewrite.php(47): require_once('D:\\xampp1\\htdocs\\latihan_ci4\\public\\index.php')
CRITICAL - 2024-01-21 09:19:10 --> Undefined array key "namapegawai"
in APPPATH\Views\datapegawai.php on line 4.
 1 APPPATH\Views\datapegawai.php(4): CodeIgniter\Debug\Exceptions->errorHandler(2, 'Undefined array key "namapegawai"', 'D:\\xampp1\\htdocs\\latihan_ci4\\app\\Views\\datapegawai.php', 4)
 2 SYSTEMPATH\View\View.php(226): include('D:\\xampp1\\htdocs\\latihan_ci4\\app\\Views\\datapegawai.php')
 3 SYSTEMPATH\View\View.php(229): CodeIgniter\View\View->CodeIgniter\View\{closure}()
 4 SYSTEMPATH\Common.php(1188): CodeIgniter\View\View->render('/datapegawai', [], true)
 5 APPPATH\Controllers\Datapegawai.php(12): view('/datapegawai')
 6 SYSTEMPATH\CodeIgniter.php(919): App\Controllers\Datapegawai->datapegawai()
 7 SYSTEMPATH\CodeIgniter.php(494): CodeIgniter\CodeIgniter->runController(Object(App\Controllers\Datapegawai))
 8 SYSTEMPATH\CodeIgniter.php(353): CodeIgniter\CodeIgniter->handleRequest(null, Object(Config\Cache), false)
 9 FCPATH\index.php(79): CodeIgniter\CodeIgniter->run()
10 SYSTEMPATH\Commands\Server\rewrite.php(47): require_once('D:\\xampp1\\htdocs\\latihan_ci4\\public\\index.php')
CRITICAL - 2024-01-21 09:19:10 --> Undefined array key "namapegawai"
in APPPATH\Views\datapegawai.php on line 4.
 1 APPPATH\Views\datapegawai.php(4): CodeIgniter\Debug\Exceptions->errorHandler(2, 'Undefined array key "namapegawai"', 'D:\\xampp1\\htdocs\\latihan_ci4\\app\\Views\\datapegawai.php', 4)
 2 SYSTEMPATH\View\View.php(226): include('D:\\xampp1\\htdocs\\latihan_ci4\\app\\Views\\datapegawai.php')
 3 SYSTEMPATH\View\View.php(229): CodeIgniter\View\View->CodeIgniter\View\{closure}()
 4 SYSTEMPATH\Common.php(1188): CodeIgniter\View\View->render('/datapegawai', [], true)
 5 APPPATH\Controllers\Datapegawai.php(12): view('/datapegawai')
 6 SYSTEMPATH\CodeIgniter.php(919): App\Controllers\Datapegawai->datapegawai()
 7 SYSTEMPATH\CodeIgniter.php(494): CodeIgniter\CodeIgniter->runController(Object(App\Controllers\Datapegawai))
 8 SYSTEMPATH\CodeIgniter.php(353): CodeIgniter\CodeIgniter->handleRequest(null, Object(Config\Cache), false)
 9 FCPATH\index.php(79): CodeIgniter\CodeIgniter->run()
10 SYSTEMPATH\Commands\Server\rewrite.php(47): require_once('D:\\xampp1\\htdocs\\latihan_ci4\\public\\index.php')
CRITICAL - 2024-01-21 09:19:11 --> Undefined array key "namapegawai"
in APPPATH\Views\datapegawai.php on line 4.
 1 APPPATH\Views\datapegawai.php(4): CodeIgniter\Debug\Exceptions->errorHandler(2, 'Undefined array key "namapegawai"', 'D:\\xampp1\\htdocs\\latihan_ci4\\app\\Views\\datapegawai.php', 4)
 2 SYSTEMPATH\View\View.php(226): include('D:\\xampp1\\htdocs\\latihan_ci4\\app\\Views\\datapegawai.php')
 3 SYSTEMPATH\View\View.php(229): CodeIgniter\View\View->CodeIgniter\View\{closure}()
 4 SYSTEMPATH\Common.php(1188): CodeIgniter\View\View->render('/datapegawai', [], true)
 5 APPPATH\Controllers\Datapegawai.php(12): view('/datapegawai')
 6 SYSTEMPATH\CodeIgniter.php(919): App\Controllers\Datapegawai->datapegawai()
 7 SYSTEMPATH\CodeIgniter.php(494): CodeIgniter\CodeIgniter->runController(Object(App\Controllers\Datapegawai))
 8 SYSTEMPATH\CodeIgniter.php(353): CodeIgniter\CodeIgniter->handleRequest(null, Object(Config\Cache), false)
 9 FCPATH\index.php(79): CodeIgniter\CodeIgniter->run()
10 SYSTEMPATH\Commands\Server\rewrite.php(47): require_once('D:\\xampp1\\htdocs\\latihan_ci4\\public\\index.php')
CRITICAL - 2024-01-21 09:19:11 --> Undefined array key "namapegawai"
in APPPATH\Views\datapegawai.php on line 4.
 1 APPPATH\Views\datapegawai.php(4): CodeIgniter\Debug\Exceptions->errorHandler(2, 'Undefined array key "namapegawai"', 'D:\\xampp1\\htdocs\\latihan_ci4\\app\\Views\\datapegawai.php', 4)
 2 SYSTEMPATH\View\View.php(226): include('D:\\xampp1\\htdocs\\latihan_ci4\\app\\Views\\datapegawai.php')
 3 SYSTEMPATH\View\View.php(229): CodeIgniter\View\View->CodeIgniter\View\{closure}()
 4 SYSTEMPATH\Common.php(1188): CodeIgniter\View\View->render('/datapegawai', [], true)
 5 APPPATH\Controllers\Datapegawai.php(12): view('/datapegawai')
 6 SYSTEMPATH\CodeIgniter.php(919): App\Controllers\Datapegawai->datapegawai()
 7 SYSTEMPATH\CodeIgniter.php(494): CodeIgniter\CodeIgniter->runController(Object(App\Controllers\Datapegawai))
 8 SYSTEMPATH\CodeIgniter.php(353): CodeIgniter\CodeIgniter->handleRequest(null, Object(Config\Cache), false)
 9 FCPATH\index.php(79): CodeIgniter\CodeIgniter->run()
10 SYSTEMPATH\Commands\Server\rewrite.php(47): require_once('D:\\xampp1\\htdocs\\latihan_ci4\\public\\index.php')
CRITICAL - 2024-01-21 09:19:11 --> Undefined array key "namapegawai"
in APPPATH\Views\datapegawai.php on line 4.
 1 APPPATH\Views\datapegawai.php(4): CodeIgniter\Debug\Exceptions->errorHandler(2, 'Undefined array key "namapegawai"', 'D:\\xampp1\\htdocs\\latihan_ci4\\app\\Views\\datapegawai.php', 4)
 2 SYSTEMPATH\View\View.php(226): include('D:\\xampp1\\htdocs\\latihan_ci4\\app\\Views\\datapegawai.php')
 3 SYSTEMPATH\View\View.php(229): CodeIgniter\View\View->CodeIgniter\View\{closure}()
 4 SYSTEMPATH\Common.php(1188): CodeIgniter\View\View->render('/datapegawai', [], true)
 5 APPPATH\Controllers\Datapegawai.php(12): view('/datapegawai')
 6 SYSTEMPATH\CodeIgniter.php(919): App\Controllers\Datapegawai->datapegawai()
 7 SYSTEMPATH\CodeIgniter.php(494): CodeIgniter\CodeIgniter->runController(Object(App\Controllers\Datapegawai))
 8 SYSTEMPATH\CodeIgniter.php(353): CodeIgniter\CodeIgniter->handleRequest(null, Object(Config\Cache), false)
 9 FCPATH\index.php(79): CodeIgniter\CodeIgniter->run()
10 SYSTEMPATH\Commands\Server\rewrite.php(47): require_once('D:\\xampp1\\htdocs\\latihan_ci4\\public\\index.php')
CRITICAL - 2024-01-21 09:19:12 --> Undefined array key "namapegawai"
in APPPATH\Views\datapegawai.php on line 4.
 1 APPPATH\Views\datapegawai.php(4): CodeIgniter\Debug\Exceptions->errorHandler(2, 'Undefined array key "namapegawai"', 'D:\\xampp1\\htdocs\\latihan_ci4\\app\\Views\\datapegawai.php', 4)
 2 SYSTEMPATH\View\View.php(226): include('D:\\xampp1\\htdocs\\latihan_ci4\\app\\Views\\datapegawai.php')
 3 SYSTEMPATH\View\View.php(229): CodeIgniter\View\View->CodeIgniter\View\{closure}()
 4 SYSTEMPATH\Common.php(1188): CodeIgniter\View\View->render('/datapegawai', [], true)
 5 APPPATH\Controllers\Datapegawai.php(12): view('/datapegawai')
 6 SYSTEMPATH\CodeIgniter.php(919): App\Controllers\Datapegawai->datapegawai()
 7 SYSTEMPATH\CodeIgniter.php(494): CodeIgniter\CodeIgniter->runController(Object(App\Controllers\Datapegawai))
 8 SYSTEMPATH\CodeIgniter.php(353): CodeIgniter\CodeIgniter->handleRequest(null, Object(Config\Cache), false)
 9 FCPATH\index.php(79): CodeIgniter\CodeIgniter->run()
10 SYSTEMPATH\Commands\Server\rewrite.php(47): require_once('D:\\xampp1\\htdocs\\latihan_ci4\\public\\index.php')
CRITICAL - 2024-01-21 09:19:12 --> Undefined array key "namapegawai"
in APPPATH\Views\datapegawai.php on line 4.
 1 APPPATH\Views\datapegawai.php(4): CodeIgniter\Debug\Exceptions->errorHandler(2, 'Undefined array key "namapegawai"', 'D:\\xampp1\\htdocs\\latihan_ci4\\app\\Views\\datapegawai.php', 4)
 2 SYSTEMPATH\View\View.php(226): include('D:\\xampp1\\htdocs\\latihan_ci4\\app\\Views\\datapegawai.php')
 3 SYSTEMPATH\View\View.php(229): CodeIgniter\View\View->CodeIgniter\View\{closure}()
 4 SYSTEMPATH\Common.php(1188): CodeIgniter\View\View->render('/datapegawai', [], true)
 5 APPPATH\Controllers\Datapegawai.php(12): view('/datapegawai')
 6 SYSTEMPATH\CodeIgniter.php(919): App\Controllers\Datapegawai->datapegawai()
 7 SYSTEMPATH\CodeIgniter.php(494): CodeIgniter\CodeIgniter->runController(Object(App\Controllers\Datapegawai))
 8 SYSTEMPATH\CodeIgniter.php(353): CodeIgniter\CodeIgniter->handleRequest(null, Object(Config\Cache), false)
 9 FCPATH\index.php(79): CodeIgniter\CodeIgniter->run()
10 SYSTEMPATH\Commands\Server\rewrite.php(47): require_once('D:\\xampp1\\htdocs\\latihan_ci4\\public\\index.php')
CRITICAL - 2024-01-21 09:19:12 --> Undefined array key "namapegawai"
in APPPATH\Views\datapegawai.php on line 4.
 1 APPPATH\Views\datapegawai.php(4): CodeIgniter\Debug\Exceptions->errorHandler(2, 'Undefined array key "namapegawai"', 'D:\\xampp1\\htdocs\\latihan_ci4\\app\\Views\\datapegawai.php', 4)
 2 SYSTEMPATH\View\View.php(226): include('D:\\xampp1\\htdocs\\latihan_ci4\\app\\Views\\datapegawai.php')
 3 SYSTEMPATH\View\View.php(229): CodeIgniter\View\View->CodeIgniter\View\{closure}()
 4 SYSTEMPATH\Common.php(1188): CodeIgniter\View\View->render('/datapegawai', [], true)
 5 APPPATH\Controllers\Datapegawai.php(12): view('/datapegawai')
 6 SYSTEMPATH\CodeIgniter.php(919): App\Controllers\Datapegawai->datapegawai()
 7 SYSTEMPATH\CodeIgniter.php(494): CodeIgniter\CodeIgniter->runController(Object(App\Controllers\Datapegawai))
 8 SYSTEMPATH\CodeIgniter.php(353): CodeIgniter\CodeIgniter->handleRequest(null, Object(Config\Cache), false)
 9 FCPATH\index.php(79): CodeIgniter\CodeIgniter->run()
10 SYSTEMPATH\Commands\Server\rewrite.php(47): require_once('D:\\xampp1\\htdocs\\latihan_ci4\\public\\index.php')
CRITICAL - 2024-01-21 09:19:13 --> Undefined array key "namapegawai"
in APPPATH\Views\datapegawai.php on line 4.
 1 APPPATH\Views\datapegawai.php(4): CodeIgniter\Debug\Exceptions->errorHandler(2, 'Undefined array key "namapegawai"', 'D:\\xampp1\\htdocs\\latihan_ci4\\app\\Views\\datapegawai.php', 4)
 2 SYSTEMPATH\View\View.php(226): include('D:\\xampp1\\htdocs\\latihan_ci4\\app\\Views\\datapegawai.php')
 3 SYSTEMPATH\View\View.php(229): CodeIgniter\View\View->CodeIgniter\View\{closure}()
 4 SYSTEMPATH\Common.php(1188): CodeIgniter\View\View->render('/datapegawai', [], true)
 5 APPPATH\Controllers\Datapegawai.php(12): view('/datapegawai')
 6 SYSTEMPATH\CodeIgniter.php(919): App\Controllers\Datapegawai->datapegawai()
 7 SYSTEMPATH\CodeIgniter.php(494): CodeIgniter\CodeIgniter->runController(Object(App\Controllers\Datapegawai))
 8 SYSTEMPATH\CodeIgniter.php(353): CodeIgniter\CodeIgniter->handleRequest(null, Object(Config\Cache), false)
 9 FCPATH\index.php(79): CodeIgniter\CodeIgniter->run()
10 SYSTEMPATH\Commands\Server\rewrite.php(47): require_once('D:\\xampp1\\htdocs\\latihan_ci4\\public\\index.php')
CRITICAL - 2024-01-21 09:19:13 --> Undefined array key "namapegawai"
in APPPATH\Views\datapegawai.php on line 4.
 1 APPPATH\Views\datapegawai.php(4): CodeIgniter\Debug\Exceptions->errorHandler(2, 'Undefined array key "namapegawai"', 'D:\\xampp1\\htdocs\\latihan_ci4\\app\\Views\\datapegawai.php', 4)
 2 SYSTEMPATH\View\View.php(226): include('D:\\xampp1\\htdocs\\latihan_ci4\\app\\Views\\datapegawai.php')
 3 SYSTEMPATH\View\View.php(229): CodeIgniter\View\View->CodeIgniter\View\{closure}()
 4 SYSTEMPATH\Common.php(1188): CodeIgniter\View\View->render('/datapegawai', [], true)
 5 APPPATH\Controllers\Datapegawai.php(12): view('/datapegawai')
 6 SYSTEMPATH\CodeIgniter.php(919): App\Controllers\Datapegawai->datapegawai()
 7 SYSTEMPATH\CodeIgniter.php(494): CodeIgniter\CodeIgniter->runController(Object(App\Controllers\Datapegawai))
 8 SYSTEMPATH\CodeIgniter.php(353): CodeIgniter\CodeIgniter->handleRequest(null, Object(Config\Cache), false)
 9 FCPATH\index.php(79): CodeIgniter\CodeIgniter->run()
10 SYSTEMPATH\Commands\Server\rewrite.php(47): require_once('D:\\xampp1\\htdocs\\latihan_ci4\\public\\index.php')
CRITICAL - 2024-01-21 09:19:13 --> Undefined array key "namapegawai"
in APPPATH\Views\datapegawai.php on line 4.
 1 APPPATH\Views\datapegawai.php(4): CodeIgniter\Debug\Exceptions->errorHandler(2, 'Undefined array key "namapegawai"', 'D:\\xampp1\\htdocs\\latihan_ci4\\app\\Views\\datapegawai.php', 4)
 2 SYSTEMPATH\View\View.php(226): include('D:\\xampp1\\htdocs\\latihan_ci4\\app\\Views\\datapegawai.php')
 3 SYSTEMPATH\View\View.php(229): CodeIgniter\View\View->CodeIgniter\View\{closure}()
 4 SYSTEMPATH\Common.php(1188): CodeIgniter\View\View->render('/datapegawai', [], true)
 5 APPPATH\Controllers\Datapegawai.php(12): view('/datapegawai')
 6 SYSTEMPATH\CodeIgniter.php(919): App\Controllers\Datapegawai->datapegawai()
 7 SYSTEMPATH\CodeIgniter.php(494): CodeIgniter\CodeIgniter->runController(Object(App\Controllers\Datapegawai))
 8 SYSTEMPATH\CodeIgniter.php(353): CodeIgniter\CodeIgniter->handleRequest(null, Object(Config\Cache), false)
 9 FCPATH\index.php(79): CodeIgniter\CodeIgniter->run()
10 SYSTEMPATH\Commands\Server\rewrite.php(47): require_once('D:\\xampp1\\htdocs\\latihan_ci4\\public\\index.php')
CRITICAL - 2024-01-21 09:19:13 --> Undefined array key "namapegawai"
in APPPATH\Views\datapegawai.php on line 4.
 1 APPPATH\Views\datapegawai.php(4): CodeIgniter\Debug\Exceptions->errorHandler(2, 'Undefined array key "namapegawai"', 'D:\\xampp1\\htdocs\\latihan_ci4\\app\\Views\\datapegawai.php', 4)
 2 SYSTEMPATH\View\View.php(226): include('D:\\xampp1\\htdocs\\latihan_ci4\\app\\Views\\datapegawai.php')
 3 SYSTEMPATH\View\View.php(229): CodeIgniter\View\View->CodeIgniter\View\{closure}()
 4 SYSTEMPATH\Common.php(1188): CodeIgniter\View\View->render('/datapegawai', [], true)
 5 APPPATH\Controllers\Datapegawai.php(12): view('/datapegawai')
 6 SYSTEMPATH\CodeIgniter.php(919): App\Controllers\Datapegawai->datapegawai()
 7 SYSTEMPATH\CodeIgniter.php(494): CodeIgniter\CodeIgniter->runController(Object(App\Controllers\Datapegawai))
 8 SYSTEMPATH\CodeIgniter.php(353): CodeIgniter\CodeIgniter->handleRequest(null, Object(Config\Cache), false)
 9 FCPATH\index.php(79): CodeIgniter\CodeIgniter->run()
10 SYSTEMPATH\Commands\Server\rewrite.php(47): require_once('D:\\xampp1\\htdocs\\latihan_ci4\\public\\index.php')
