CRITICAL - 2023-10-28 05:09:23 --> Class "Locale" not found
in SYSTEMPATH\CodeIgniter.php on line 214.
 1 FCPATH\index.php(67): CodeIgniter\CodeIgniter->initialize()
CRITICAL - 2023-10-28 05:09:24 --> Uncaught Error: Class "Locale" not found in D:\xampp\htdocs\CI4\system\Helpers\number_helper.php:136
Stack trace:
#0 D:\xampp\htdocs\CI4\system\Helpers\number_helper.php(55): format_number(40, 2, NULL, Array)
#1 D:\xampp\htdocs\CI4\system\Debug\BaseExceptionHandler.php(145): number_to_size(40, 2)
#2 D:\xampp\htdocs\CI4\app\Views\errors\html\error_exception.php(360): CodeIgniter\Debug\BaseExceptionHandler::describeMemory(41943040)
#3 D:\xampp\htdocs\CI4\system\Debug\BaseExceptionHandler.php(241): include('D:\\xampp\\htdocs...')
#4 D:\xampp\htdocs\CI4\system\Debug\BaseExceptionHandler.php(244): CodeIgniter\Debug\BaseExceptionHandler->CodeIgniter\Debug\{closure}()
#5 D:\xampp\htdocs\CI4\system\Debug\ExceptionHandler.php(109): CodeIgniter\Debug\BaseExceptionHandler->render(Object(Error), 500, 'D:\\xampp\\htdocs...')
#6 D:\xampp\htdocs\CI4\system\Debug\Exceptions.php(147): CodeIgniter\Debug\ExceptionHandler->handle(Object(Error), Object(CodeIgniter\HTTP\IncomingRequest), Object(CodeIgniter\HTTP\Response), 500, 1)
#7 [internal function]: CodeIgniter\Debug\Exceptions->exceptionHandler(Object(Error))
#8 {main}
  thrown
【Previous Exception】
Error
Class "Locale" not found
#0 D:\xampp\htdocs\CI4\public\index.php(67): CodeIgniter\CodeIgniter->initialize()
#1 {main}
in SYSTEMPATH\Helpers\number_helper.php on line 136.
 1 [internal function]: CodeIgniter\Debug\Exceptions->shutdownHandler()
CRITICAL - 2023-10-28 15:53:50 --> Invalid file: "admin/index.php"
in SYSTEMPATH\Exceptions\FrameworkException.php on line 39.
 1 SYSTEMPATH\View\View.php(214): CodeIgniter\Exceptions\FrameworkException::forInvalidFile('admin/index.php')
 2 SYSTEMPATH\Common.php(1188): CodeIgniter\View\View->render('admin/index', [], true)
 3 APPPATH\Controllers\Home_admin.php(10): view('admin/index')
 4 SYSTEMPATH\CodeIgniter.php(919): App\Controllers\Home_admin->index()
 5 SYSTEMPATH\CodeIgniter.php(494): CodeIgniter\CodeIgniter->runController(Object(App\Controllers\Home_admin))
 6 SYSTEMPATH\CodeIgniter.php(353): CodeIgniter\CodeIgniter->handleRequest(null, Object(Config\Cache), false)
 7 FCPATH\index.php(79): CodeIgniter\CodeIgniter->run()
 8 SYSTEMPATH\Commands\Server\rewrite.php(47): require_once('D:\\xampp\\htdocs\\CI4\\public\\index.php')
CRITICAL - 2023-10-28 15:54:47 --> Invalid file: "admin/index.php"
in SYSTEMPATH\Exceptions\FrameworkException.php on line 39.
 1 SYSTEMPATH\View\View.php(214): CodeIgniter\Exceptions\FrameworkException::forInvalidFile('admin/index.php')
 2 SYSTEMPATH\Common.php(1188): CodeIgniter\View\View->render('admin/index', [], true)
 3 APPPATH\Controllers\Home_admin.php(10): view('admin/index')
 4 SYSTEMPATH\CodeIgniter.php(919): App\Controllers\Home_admin->index()
 5 SYSTEMPATH\CodeIgniter.php(494): CodeIgniter\CodeIgniter->runController(Object(App\Controllers\Home_admin))
 6 SYSTEMPATH\CodeIgniter.php(353): CodeIgniter\CodeIgniter->handleRequest(null, Object(Config\Cache), false)
 7 FCPATH\index.php(79): CodeIgniter\CodeIgniter->run()
 8 SYSTEMPATH\Commands\Server\rewrite.php(47): require_once('D:\\xampp\\htdocs\\CI4\\public\\index.php')
CRITICAL - 2023-10-28 15:57:11 --> Invalid file: "admin/index.php"
in SYSTEMPATH\Exceptions\FrameworkException.php on line 39.
 1 SYSTEMPATH\View\View.php(214): CodeIgniter\Exceptions\FrameworkException::forInvalidFile('admin/index.php')
 2 SYSTEMPATH\Common.php(1188): CodeIgniter\View\View->render('admin/index', [], true)
 3 APPPATH\Controllers\Home_admin.php(10): view('admin/index')
 4 SYSTEMPATH\CodeIgniter.php(919): App\Controllers\Home_admin->index()
 5 SYSTEMPATH\CodeIgniter.php(494): CodeIgniter\CodeIgniter->runController(Object(App\Controllers\Home_admin))
 6 SYSTEMPATH\CodeIgniter.php(353): CodeIgniter\CodeIgniter->handleRequest(null, Object(Config\Cache), false)
 7 FCPATH\index.php(79): CodeIgniter\CodeIgniter->run()
 8 SYSTEMPATH\Commands\Server\rewrite.php(47): require_once('D:\\xampp\\htdocs\\CI4\\public\\index.php')
CRITICAL - 2023-10-28 16:10:40 --> Invalid file: "template/topbar/Home_admin.php"
in SYSTEMPATH\Exceptions\FrameworkException.php on line 39.
 1 SYSTEMPATH\View\View.php(214): CodeIgniter\Exceptions\FrameworkException::forInvalidFile('template/topbar/Home_admin.php')
 2 SYSTEMPATH\Common.php(1188): CodeIgniter\View\View->render('template/topbar/Home_admin', [], true)
 3 APPPATH\Controllers\Home_admin.php(10): view('template/topbar/Home_admin')
 4 SYSTEMPATH\CodeIgniter.php(919): App\Controllers\Home_admin->index()
 5 SYSTEMPATH\CodeIgniter.php(494): CodeIgniter\CodeIgniter->runController(Object(App\Controllers\Home_admin))
 6 SYSTEMPATH\CodeIgniter.php(353): CodeIgniter\CodeIgniter->handleRequest(null, Object(Config\Cache), false)
 7 FCPATH\index.php(79): CodeIgniter\CodeIgniter->run()
 8 SYSTEMPATH\Commands\Server\rewrite.php(47): require_once('D:\\xampp\\htdocs\\CI4\\public\\index.php')
