CRITICAL - 2023-12-19 07:52:00 --> Undefined property: App\Controllers\Pegawai::$Pegawai_model
in APPPATH\Controllers\Pegawai.php on line 16.
 1 APPPATH\Controllers\Pegawai.php(16): CodeIgniter\Debug\Exceptions->errorHandler(2, 'Undefined property: App\\Controllers\\Pegawai::$Pegawai_model', 'D:\\xampp1\\htdocs\\latihan_ci4\\app\\Controllers\\Pegawai.php', 16)
 2 SYSTEMPATH\CodeIgniter.php(919): App\Controllers\Pegawai->pegawai()
 3 SYSTEMPATH\CodeIgniter.php(494): CodeIgniter\CodeIgniter->runController(Object(App\Controllers\Pegawai))
 4 SYSTEMPATH\CodeIgniter.php(353): CodeIgniter\CodeIgniter->handleRequest(null, Object(Config\Cache), false)
 5 FCPATH\index.php(79): CodeIgniter\CodeIgniter->run()
 6 SYSTEMPATH\Commands\Server\rewrite.php(47): require_once('D:\\xampp1\\htdocs\\latihan_ci4\\public\\index.php')
CRITICAL - 2023-12-19 07:54:45 --> Undefined property: App\Controllers\Pegawai::$Pegawai_model
in APPPATH\Controllers\Pegawai.php on line 16.
 1 APPPATH\Controllers\Pegawai.php(16): CodeIgniter\Debug\Exceptions->errorHandler(2, 'Undefined property: App\\Controllers\\Pegawai::$Pegawai_model', 'D:\\xampp1\\htdocs\\latihan_ci4\\app\\Controllers\\Pegawai.php', 16)
 2 SYSTEMPATH\CodeIgniter.php(919): App\Controllers\Pegawai->pegawai()
 3 SYSTEMPATH\CodeIgniter.php(494): CodeIgniter\CodeIgniter->runController(Object(App\Controllers\Pegawai))
 4 SYSTEMPATH\CodeIgniter.php(353): CodeIgniter\CodeIgniter->handleRequest(null, Object(Config\Cache), false)
 5 FCPATH\index.php(79): CodeIgniter\CodeIgniter->run()
 6 SYSTEMPATH\Commands\Server\rewrite.php(47): require_once('D:\\xampp1\\htdocs\\latihan_ci4\\public\\index.php')
CRITICAL - 2023-12-19 07:55:15 --> Undefined property: App\Controllers\Pegawai::$Pegawai_model
in APPPATH\Controllers\Pegawai.php on line 16.
 1 APPPATH\Controllers\Pegawai.php(16): CodeIgniter\Debug\Exceptions->errorHandler(2, 'Undefined property: App\\Controllers\\Pegawai::$Pegawai_model', 'D:\\xampp1\\htdocs\\latihan_ci4\\app\\Controllers\\Pegawai.php', 16)
 2 SYSTEMPATH\CodeIgniter.php(919): App\Controllers\Pegawai->pegawai()
 3 SYSTEMPATH\CodeIgniter.php(494): CodeIgniter\CodeIgniter->runController(Object(App\Controllers\Pegawai))
 4 SYSTEMPATH\CodeIgniter.php(353): CodeIgniter\CodeIgniter->handleRequest(null, Object(Config\Cache), false)
 5 FCPATH\index.php(79): CodeIgniter\CodeIgniter->run()
 6 SYSTEMPATH\Commands\Server\rewrite.php(47): require_once('D:\\xampp1\\htdocs\\latihan_ci4\\public\\index.php')
CRITICAL - 2023-12-19 07:55:17 --> Undefined property: App\Controllers\Pegawai::$Pegawai_model
in APPPATH\Controllers\Pegawai.php on line 16.
 1 APPPATH\Controllers\Pegawai.php(16): CodeIgniter\Debug\Exceptions->errorHandler(2, 'Undefined property: App\\Controllers\\Pegawai::$Pegawai_model', 'D:\\xampp1\\htdocs\\latihan_ci4\\app\\Controllers\\Pegawai.php', 16)
 2 SYSTEMPATH\CodeIgniter.php(919): App\Controllers\Pegawai->pegawai()
 3 SYSTEMPATH\CodeIgniter.php(494): CodeIgniter\CodeIgniter->runController(Object(App\Controllers\Pegawai))
 4 SYSTEMPATH\CodeIgniter.php(353): CodeIgniter\CodeIgniter->handleRequest(null, Object(Config\Cache), false)
 5 FCPATH\index.php(79): CodeIgniter\CodeIgniter->run()
 6 SYSTEMPATH\Commands\Server\rewrite.php(47): require_once('D:\\xampp1\\htdocs\\latihan_ci4\\public\\index.php')
CRITICAL - 2023-12-19 07:55:20 --> Undefined property: App\Controllers\Pegawai::$Pegawai_model
in APPPATH\Controllers\Pegawai.php on line 16.
 1 APPPATH\Controllers\Pegawai.php(16): CodeIgniter\Debug\Exceptions->errorHandler(2, 'Undefined property: App\\Controllers\\Pegawai::$Pegawai_model', 'D:\\xampp1\\htdocs\\latihan_ci4\\app\\Controllers\\Pegawai.php', 16)
 2 SYSTEMPATH\CodeIgniter.php(919): App\Controllers\Pegawai->pegawai()
 3 SYSTEMPATH\CodeIgniter.php(494): CodeIgniter\CodeIgniter->runController(Object(App\Controllers\Pegawai))
 4 SYSTEMPATH\CodeIgniter.php(353): CodeIgniter\CodeIgniter->handleRequest(null, Object(Config\Cache), false)
 5 FCPATH\index.php(79): CodeIgniter\CodeIgniter->run()
 6 SYSTEMPATH\Commands\Server\rewrite.php(47): require_once('D:\\xampp1\\htdocs\\latihan_ci4\\public\\index.php')
CRITICAL - 2023-12-19 07:56:15 --> Undefined property: App\Controllers\Pegawai::$Pegawai_model
in APPPATH\Controllers\Pegawai.php on line 16.
 1 APPPATH\Controllers\Pegawai.php(16): CodeIgniter\Debug\Exceptions->errorHandler(2, 'Undefined property: App\\Controllers\\Pegawai::$Pegawai_model', 'D:\\xampp1\\htdocs\\latihan_ci4\\app\\Controllers\\Pegawai.php', 16)
 2 SYSTEMPATH\CodeIgniter.php(919): App\Controllers\Pegawai->pegawai()
 3 SYSTEMPATH\CodeIgniter.php(494): CodeIgniter\CodeIgniter->runController(Object(App\Controllers\Pegawai))
 4 SYSTEMPATH\CodeIgniter.php(353): CodeIgniter\CodeIgniter->handleRequest(null, Object(Config\Cache), false)
 5 FCPATH\index.php(79): CodeIgniter\CodeIgniter->run()
 6 SYSTEMPATH\Commands\Server\rewrite.php(47): require_once('D:\\xampp1\\htdocs\\latihan_ci4\\public\\index.php')
CRITICAL - 2023-12-19 07:56:55 --> Undefined property: App\Controllers\Pegawai::$Pegawai_model
in APPPATH\Controllers\Pegawai.php on line 16.
 1 APPPATH\Controllers\Pegawai.php(16): CodeIgniter\Debug\Exceptions->errorHandler(2, 'Undefined property: App\\Controllers\\Pegawai::$Pegawai_model', 'D:\\xampp1\\htdocs\\latihan_ci4\\app\\Controllers\\Pegawai.php', 16)
 2 SYSTEMPATH\CodeIgniter.php(919): App\Controllers\Pegawai->pegawai()
 3 SYSTEMPATH\CodeIgniter.php(494): CodeIgniter\CodeIgniter->runController(Object(App\Controllers\Pegawai))
 4 SYSTEMPATH\CodeIgniter.php(353): CodeIgniter\CodeIgniter->handleRequest(null, Object(Config\Cache), false)
 5 FCPATH\index.php(79): CodeIgniter\CodeIgniter->run()
 6 SYSTEMPATH\Commands\Server\rewrite.php(47): require_once('D:\\xampp1\\htdocs\\latihan_ci4\\public\\index.php')
CRITICAL - 2023-12-19 07:56:56 --> Undefined property: App\Controllers\Pegawai::$Pegawai_model
in APPPATH\Controllers\Pegawai.php on line 16.
 1 APPPATH\Controllers\Pegawai.php(16): CodeIgniter\Debug\Exceptions->errorHandler(2, 'Undefined property: App\\Controllers\\Pegawai::$Pegawai_model', 'D:\\xampp1\\htdocs\\latihan_ci4\\app\\Controllers\\Pegawai.php', 16)
 2 SYSTEMPATH\CodeIgniter.php(919): App\Controllers\Pegawai->pegawai()
 3 SYSTEMPATH\CodeIgniter.php(494): CodeIgniter\CodeIgniter->runController(Object(App\Controllers\Pegawai))
 4 SYSTEMPATH\CodeIgniter.php(353): CodeIgniter\CodeIgniter->handleRequest(null, Object(Config\Cache), false)
 5 FCPATH\index.php(79): CodeIgniter\CodeIgniter->run()
 6 SYSTEMPATH\Commands\Server\rewrite.php(47): require_once('D:\\xampp1\\htdocs\\latihan_ci4\\public\\index.php')
CRITICAL - 2023-12-19 07:56:59 --> Undefined property: App\Controllers\Pegawai::$Pegawai_model
in APPPATH\Controllers\Pegawai.php on line 16.
 1 APPPATH\Controllers\Pegawai.php(16): CodeIgniter\Debug\Exceptions->errorHandler(2, 'Undefined property: App\\Controllers\\Pegawai::$Pegawai_model', 'D:\\xampp1\\htdocs\\latihan_ci4\\app\\Controllers\\Pegawai.php', 16)
 2 SYSTEMPATH\CodeIgniter.php(919): App\Controllers\Pegawai->pegawai()
 3 SYSTEMPATH\CodeIgniter.php(494): CodeIgniter\CodeIgniter->runController(Object(App\Controllers\Pegawai))
 4 SYSTEMPATH\CodeIgniter.php(353): CodeIgniter\CodeIgniter->handleRequest(null, Object(Config\Cache), false)
 5 FCPATH\index.php(79): CodeIgniter\CodeIgniter->run()
 6 SYSTEMPATH\Commands\Server\rewrite.php(47): require_once('D:\\xampp1\\htdocs\\latihan_ci4\\public\\index.php')
CRITICAL - 2023-12-19 07:58:05 --> Undefined property: App\Controllers\Pegawai::$Pegawai_model
in APPPATH\Controllers\Pegawai.php on line 16.
 1 APPPATH\Controllers\Pegawai.php(16): CodeIgniter\Debug\Exceptions->errorHandler(2, 'Undefined property: App\\Controllers\\Pegawai::$Pegawai_model', 'D:\\xampp1\\htdocs\\latihan_ci4\\app\\Controllers\\Pegawai.php', 16)
 2 SYSTEMPATH\CodeIgniter.php(919): App\Controllers\Pegawai->pegawai()
 3 SYSTEMPATH\CodeIgniter.php(494): CodeIgniter\CodeIgniter->runController(Object(App\Controllers\Pegawai))
 4 SYSTEMPATH\CodeIgniter.php(353): CodeIgniter\CodeIgniter->handleRequest(null, Object(Config\Cache), false)
 5 FCPATH\index.php(79): CodeIgniter\CodeIgniter->run()
 6 SYSTEMPATH\Commands\Server\rewrite.php(47): require_once('D:\\xampp1\\htdocs\\latihan_ci4\\public\\index.php')
CRITICAL - 2023-12-19 07:58:37 --> Undefined property: App\Controllers\Pegawai::$Pegawai_model
in APPPATH\Controllers\Pegawai.php on line 16.
 1 APPPATH\Controllers\Pegawai.php(16): CodeIgniter\Debug\Exceptions->errorHandler(2, 'Undefined property: App\\Controllers\\Pegawai::$Pegawai_model', 'D:\\xampp1\\htdocs\\latihan_ci4\\app\\Controllers\\Pegawai.php', 16)
 2 SYSTEMPATH\CodeIgniter.php(919): App\Controllers\Pegawai->pegawai()
 3 SYSTEMPATH\CodeIgniter.php(494): CodeIgniter\CodeIgniter->runController(Object(App\Controllers\Pegawai))
 4 SYSTEMPATH\CodeIgniter.php(353): CodeIgniter\CodeIgniter->handleRequest(null, Object(Config\Cache), false)
 5 FCPATH\index.php(79): CodeIgniter\CodeIgniter->run()
 6 SYSTEMPATH\Commands\Server\rewrite.php(47): require_once('D:\\xampp1\\htdocs\\latihan_ci4\\public\\index.php')
CRITICAL - 2023-12-19 07:59:25 --> Undefined variable $pegawai
in APPPATH\Views\admin\pegawai\pegawai.php on line 29.
 1 APPPATH\Views\admin\pegawai\pegawai.php(29): CodeIgniter\Debug\Exceptions->errorHandler(2, 'Undefined variable $pegawai', 'D:\\xampp1\\htdocs\\latihan_ci4\\app\\Views\\admin\\pegawai\\pegawai.php', 29)
 2 SYSTEMPATH\View\View.php(226): include('D:\\xampp1\\htdocs\\latihan_ci4\\app\\Views\\admin\\pegawai\\pegawai.php')
 3 SYSTEMPATH\View\View.php(229): CodeIgniter\View\View->CodeIgniter\View\{closure}()
 4 SYSTEMPATH\Common.php(1188): CodeIgniter\View\View->render('admin/pegawai/pegawai', [], true)
 5 APPPATH\Controllers\Pegawai.php(18): view('admin/pegawai/pegawai')
 6 SYSTEMPATH\CodeIgniter.php(919): App\Controllers\Pegawai->pegawai()
 7 SYSTEMPATH\CodeIgniter.php(494): CodeIgniter\CodeIgniter->runController(Object(App\Controllers\Pegawai))
 8 SYSTEMPATH\CodeIgniter.php(353): CodeIgniter\CodeIgniter->handleRequest(null, Object(Config\Cache), false)
 9 FCPATH\index.php(79): CodeIgniter\CodeIgniter->run()
10 SYSTEMPATH\Commands\Server\rewrite.php(47): require_once('D:\\xampp1\\htdocs\\latihan_ci4\\public\\index.php')
CRITICAL - 2023-12-19 07:59:29 --> Undefined variable $pegawai
in APPPATH\Views\admin\pegawai\pegawai.php on line 29.
 1 APPPATH\Views\admin\pegawai\pegawai.php(29): CodeIgniter\Debug\Exceptions->errorHandler(2, 'Undefined variable $pegawai', 'D:\\xampp1\\htdocs\\latihan_ci4\\app\\Views\\admin\\pegawai\\pegawai.php', 29)
 2 SYSTEMPATH\View\View.php(226): include('D:\\xampp1\\htdocs\\latihan_ci4\\app\\Views\\admin\\pegawai\\pegawai.php')
 3 SYSTEMPATH\View\View.php(229): CodeIgniter\View\View->CodeIgniter\View\{closure}()
 4 SYSTEMPATH\Common.php(1188): CodeIgniter\View\View->render('admin/pegawai/pegawai', [], true)
 5 APPPATH\Controllers\Pegawai.php(18): view('admin/pegawai/pegawai')
 6 SYSTEMPATH\CodeIgniter.php(919): App\Controllers\Pegawai->pegawai()
 7 SYSTEMPATH\CodeIgniter.php(494): CodeIgniter\CodeIgniter->runController(Object(App\Controllers\Pegawai))
 8 SYSTEMPATH\CodeIgniter.php(353): CodeIgniter\CodeIgniter->handleRequest(null, Object(Config\Cache), false)
 9 FCPATH\index.php(79): CodeIgniter\CodeIgniter->run()
10 SYSTEMPATH\Commands\Server\rewrite.php(47): require_once('D:\\xampp1\\htdocs\\latihan_ci4\\public\\index.php')
CRITICAL - 2023-12-19 08:00:32 --> Undefined variable $pegawai
in APPPATH\Views\admin\pegawai\pegawai.php on line 29.
 1 APPPATH\Views\admin\pegawai\pegawai.php(29): CodeIgniter\Debug\Exceptions->errorHandler(2, 'Undefined variable $pegawai', 'D:\\xampp1\\htdocs\\latihan_ci4\\app\\Views\\admin\\pegawai\\pegawai.php', 29)
 2 SYSTEMPATH\View\View.php(226): include('D:\\xampp1\\htdocs\\latihan_ci4\\app\\Views\\admin\\pegawai\\pegawai.php')
 3 SYSTEMPATH\View\View.php(229): CodeIgniter\View\View->CodeIgniter\View\{closure}()
 4 SYSTEMPATH\Common.php(1188): CodeIgniter\View\View->render('admin/pegawai/pegawai', [], true)
 5 APPPATH\Controllers\Pegawai.php(18): view('admin/pegawai/pegawai')
 6 SYSTEMPATH\CodeIgniter.php(919): App\Controllers\Pegawai->pegawai()
 7 SYSTEMPATH\CodeIgniter.php(494): CodeIgniter\CodeIgniter->runController(Object(App\Controllers\Pegawai))
 8 SYSTEMPATH\CodeIgniter.php(353): CodeIgniter\CodeIgniter->handleRequest(null, Object(Config\Cache), false)
 9 FCPATH\index.php(79): CodeIgniter\CodeIgniter->run()
10 SYSTEMPATH\Commands\Server\rewrite.php(47): require_once('D:\\xampp1\\htdocs\\latihan_ci4\\public\\index.php')
CRITICAL - 2023-12-19 08:01:16 --> Class "app\Models\Pegawai_model" not found
in APPPATH\Controllers\Pegawai.php on line 10.
 1 SYSTEMPATH\CodeIgniter.php(891): App\Controllers\Pegawai->__construct()
 2 SYSTEMPATH\CodeIgniter.php(485): CodeIgniter\CodeIgniter->createController()
 3 SYSTEMPATH\CodeIgniter.php(353): CodeIgniter\CodeIgniter->handleRequest(null, Object(Config\Cache), false)
 4 FCPATH\index.php(79): CodeIgniter\CodeIgniter->run()
 5 SYSTEMPATH\Commands\Server\rewrite.php(47): require_once('D:\\xampp1\\htdocs\\latihan_ci4\\public\\index.php')
CRITICAL - 2023-12-19 08:01:45 --> Class "app\Models\Pegawai_model" not found
in APPPATH\Controllers\Pegawai.php on line 10.
 1 SYSTEMPATH\CodeIgniter.php(891): App\Controllers\Pegawai->__construct()
 2 SYSTEMPATH\CodeIgniter.php(485): CodeIgniter\CodeIgniter->createController()
 3 SYSTEMPATH\CodeIgniter.php(353): CodeIgniter\CodeIgniter->handleRequest(null, Object(Config\Cache), false)
 4 FCPATH\index.php(79): CodeIgniter\CodeIgniter->run()
 5 SYSTEMPATH\Commands\Server\rewrite.php(47): require_once('D:\\xampp1\\htdocs\\latihan_ci4\\public\\index.php')
CRITICAL - 2023-12-19 08:01:46 --> Class "app\Models\Pegawai_model" not found
in APPPATH\Controllers\Pegawai.php on line 10.
 1 SYSTEMPATH\CodeIgniter.php(891): App\Controllers\Pegawai->__construct()
 2 SYSTEMPATH\CodeIgniter.php(485): CodeIgniter\CodeIgniter->createController()
 3 SYSTEMPATH\CodeIgniter.php(353): CodeIgniter\CodeIgniter->handleRequest(null, Object(Config\Cache), false)
 4 FCPATH\index.php(79): CodeIgniter\CodeIgniter->run()
 5 SYSTEMPATH\Commands\Server\rewrite.php(47): require_once('D:\\xampp1\\htdocs\\latihan_ci4\\public\\index.php')
CRITICAL - 2023-12-19 08:02:37 --> Class "app\Models\Pegawai_model" not found
in APPPATH\Controllers\Pegawai.php on line 10.
 1 SYSTEMPATH\CodeIgniter.php(891): App\Controllers\Pegawai->__construct()
 2 SYSTEMPATH\CodeIgniter.php(485): CodeIgniter\CodeIgniter->createController()
 3 SYSTEMPATH\CodeIgniter.php(353): CodeIgniter\CodeIgniter->handleRequest(null, Object(Config\Cache), false)
 4 FCPATH\index.php(79): CodeIgniter\CodeIgniter->run()
 5 SYSTEMPATH\Commands\Server\rewrite.php(47): require_once('D:\\xampp1\\htdocs\\latihan_ci4\\public\\index.php')
CRITICAL - 2023-12-19 08:03:11 --> Undefined variable $pegawai
in APPPATH\Views\admin\pegawai\pegawai.php on line 29.
 1 APPPATH\Views\admin\pegawai\pegawai.php(29): CodeIgniter\Debug\Exceptions->errorHandler(2, 'Undefined variable $pegawai', 'D:\\xampp1\\htdocs\\latihan_ci4\\app\\Views\\admin\\pegawai\\pegawai.php', 29)
 2 SYSTEMPATH\View\View.php(226): include('D:\\xampp1\\htdocs\\latihan_ci4\\app\\Views\\admin\\pegawai\\pegawai.php')
 3 SYSTEMPATH\View\View.php(229): CodeIgniter\View\View->CodeIgniter\View\{closure}()
 4 SYSTEMPATH\Common.php(1188): CodeIgniter\View\View->render('admin/pegawai/pegawai', [], true)
 5 APPPATH\Controllers\Pegawai.php(18): view('admin/pegawai/pegawai')
 6 SYSTEMPATH\CodeIgniter.php(919): App\Controllers\Pegawai->pegawai()
 7 SYSTEMPATH\CodeIgniter.php(494): CodeIgniter\CodeIgniter->runController(Object(App\Controllers\Pegawai))
 8 SYSTEMPATH\CodeIgniter.php(353): CodeIgniter\CodeIgniter->handleRequest(null, Object(Config\Cache), false)
 9 FCPATH\index.php(79): CodeIgniter\CodeIgniter->run()
10 SYSTEMPATH\Commands\Server\rewrite.php(47): require_once('D:\\xampp1\\htdocs\\latihan_ci4\\public\\index.php')
CRITICAL - 2023-12-19 08:04:29 --> Undefined variable $Pegawai_model
in APPPATH\Views\admin\pegawai\pegawai.php on line 29.
 1 APPPATH\Views\admin\pegawai\pegawai.php(29): CodeIgniter\Debug\Exceptions->errorHandler(2, 'Undefined variable $Pegawai_model', 'D:\\xampp1\\htdocs\\latihan_ci4\\app\\Views\\admin\\pegawai\\pegawai.php', 29)
 2 SYSTEMPATH\View\View.php(226): include('D:\\xampp1\\htdocs\\latihan_ci4\\app\\Views\\admin\\pegawai\\pegawai.php')
 3 SYSTEMPATH\View\View.php(229): CodeIgniter\View\View->CodeIgniter\View\{closure}()
 4 SYSTEMPATH\Common.php(1188): CodeIgniter\View\View->render('admin/pegawai/pegawai', [], true)
 5 APPPATH\Controllers\Pegawai.php(18): view('admin/pegawai/pegawai')
 6 SYSTEMPATH\CodeIgniter.php(919): App\Controllers\Pegawai->pegawai()
 7 SYSTEMPATH\CodeIgniter.php(494): CodeIgniter\CodeIgniter->runController(Object(App\Controllers\Pegawai))
 8 SYSTEMPATH\CodeIgniter.php(353): CodeIgniter\CodeIgniter->handleRequest(null, Object(Config\Cache), false)
 9 FCPATH\index.php(79): CodeIgniter\CodeIgniter->run()
10 SYSTEMPATH\Commands\Server\rewrite.php(47): require_once('D:\\xampp1\\htdocs\\latihan_ci4\\public\\index.php')
CRITICAL - 2023-12-19 08:05:15 --> Undefined variable $pegawai
in APPPATH\Views\admin\pegawai\pegawai.php on line 29.
 1 APPPATH\Views\admin\pegawai\pegawai.php(29): CodeIgniter\Debug\Exceptions->errorHandler(2, 'Undefined variable $pegawai', 'D:\\xampp1\\htdocs\\latihan_ci4\\app\\Views\\admin\\pegawai\\pegawai.php', 29)
 2 SYSTEMPATH\View\View.php(226): include('D:\\xampp1\\htdocs\\latihan_ci4\\app\\Views\\admin\\pegawai\\pegawai.php')
 3 SYSTEMPATH\View\View.php(229): CodeIgniter\View\View->CodeIgniter\View\{closure}()
 4 SYSTEMPATH\Common.php(1188): CodeIgniter\View\View->render('admin/pegawai/pegawai', [], true)
 5 APPPATH\Controllers\Pegawai.php(18): view('admin/pegawai/pegawai')
 6 SYSTEMPATH\CodeIgniter.php(919): App\Controllers\Pegawai->pegawai()
 7 SYSTEMPATH\CodeIgniter.php(494): CodeIgniter\CodeIgniter->runController(Object(App\Controllers\Pegawai))
 8 SYSTEMPATH\CodeIgniter.php(353): CodeIgniter\CodeIgniter->handleRequest(null, Object(Config\Cache), false)
 9 FCPATH\index.php(79): CodeIgniter\CodeIgniter->run()
10 SYSTEMPATH\Commands\Server\rewrite.php(47): require_once('D:\\xampp1\\htdocs\\latihan_ci4\\public\\index.php')
CRITICAL - 2023-12-19 08:05:16 --> Undefined variable $pegawai
in APPPATH\Views\admin\pegawai\pegawai.php on line 29.
 1 APPPATH\Views\admin\pegawai\pegawai.php(29): CodeIgniter\Debug\Exceptions->errorHandler(2, 'Undefined variable $pegawai', 'D:\\xampp1\\htdocs\\latihan_ci4\\app\\Views\\admin\\pegawai\\pegawai.php', 29)
 2 SYSTEMPATH\View\View.php(226): include('D:\\xampp1\\htdocs\\latihan_ci4\\app\\Views\\admin\\pegawai\\pegawai.php')
 3 SYSTEMPATH\View\View.php(229): CodeIgniter\View\View->CodeIgniter\View\{closure}()
 4 SYSTEMPATH\Common.php(1188): CodeIgniter\View\View->render('admin/pegawai/pegawai', [], true)
 5 APPPATH\Controllers\Pegawai.php(18): view('admin/pegawai/pegawai')
 6 SYSTEMPATH\CodeIgniter.php(919): App\Controllers\Pegawai->pegawai()
 7 SYSTEMPATH\CodeIgniter.php(494): CodeIgniter\CodeIgniter->runController(Object(App\Controllers\Pegawai))
 8 SYSTEMPATH\CodeIgniter.php(353): CodeIgniter\CodeIgniter->handleRequest(null, Object(Config\Cache), false)
 9 FCPATH\index.php(79): CodeIgniter\CodeIgniter->run()
10 SYSTEMPATH\Commands\Server\rewrite.php(47): require_once('D:\\xampp1\\htdocs\\latihan_ci4\\public\\index.php')
CRITICAL - 2023-12-19 08:05:17 --> Undefined variable $pegawai
in APPPATH\Views\admin\pegawai\pegawai.php on line 29.
 1 APPPATH\Views\admin\pegawai\pegawai.php(29): CodeIgniter\Debug\Exceptions->errorHandler(2, 'Undefined variable $pegawai', 'D:\\xampp1\\htdocs\\latihan_ci4\\app\\Views\\admin\\pegawai\\pegawai.php', 29)
 2 SYSTEMPATH\View\View.php(226): include('D:\\xampp1\\htdocs\\latihan_ci4\\app\\Views\\admin\\pegawai\\pegawai.php')
 3 SYSTEMPATH\View\View.php(229): CodeIgniter\View\View->CodeIgniter\View\{closure}()
 4 SYSTEMPATH\Common.php(1188): CodeIgniter\View\View->render('admin/pegawai/pegawai', [], true)
 5 APPPATH\Controllers\Pegawai.php(18): view('admin/pegawai/pegawai')
 6 SYSTEMPATH\CodeIgniter.php(919): App\Controllers\Pegawai->pegawai()
 7 SYSTEMPATH\CodeIgniter.php(494): CodeIgniter\CodeIgniter->runController(Object(App\Controllers\Pegawai))
 8 SYSTEMPATH\CodeIgniter.php(353): CodeIgniter\CodeIgniter->handleRequest(null, Object(Config\Cache), false)
 9 FCPATH\index.php(79): CodeIgniter\CodeIgniter->run()
10 SYSTEMPATH\Commands\Server\rewrite.php(47): require_once('D:\\xampp1\\htdocs\\latihan_ci4\\public\\index.php')
CRITICAL - 2023-12-19 08:05:17 --> Undefined variable $pegawai
in APPPATH\Views\admin\pegawai\pegawai.php on line 29.
 1 APPPATH\Views\admin\pegawai\pegawai.php(29): CodeIgniter\Debug\Exceptions->errorHandler(2, 'Undefined variable $pegawai', 'D:\\xampp1\\htdocs\\latihan_ci4\\app\\Views\\admin\\pegawai\\pegawai.php', 29)
 2 SYSTEMPATH\View\View.php(226): include('D:\\xampp1\\htdocs\\latihan_ci4\\app\\Views\\admin\\pegawai\\pegawai.php')
 3 SYSTEMPATH\View\View.php(229): CodeIgniter\View\View->CodeIgniter\View\{closure}()
 4 SYSTEMPATH\Common.php(1188): CodeIgniter\View\View->render('admin/pegawai/pegawai', [], true)
 5 APPPATH\Controllers\Pegawai.php(18): view('admin/pegawai/pegawai')
 6 SYSTEMPATH\CodeIgniter.php(919): App\Controllers\Pegawai->pegawai()
 7 SYSTEMPATH\CodeIgniter.php(494): CodeIgniter\CodeIgniter->runController(Object(App\Controllers\Pegawai))
 8 SYSTEMPATH\CodeIgniter.php(353): CodeIgniter\CodeIgniter->handleRequest(null, Object(Config\Cache), false)
 9 FCPATH\index.php(79): CodeIgniter\CodeIgniter->run()
10 SYSTEMPATH\Commands\Server\rewrite.php(47): require_once('D:\\xampp1\\htdocs\\latihan_ci4\\public\\index.php')
CRITICAL - 2023-12-19 08:06:35 --> Undefined variable $pegawai
in APPPATH\Views\admin\pegawai\pegawai.php on line 29.
 1 APPPATH\Views\admin\pegawai\pegawai.php(29): CodeIgniter\Debug\Exceptions->errorHandler(2, 'Undefined variable $pegawai', 'D:\\xampp1\\htdocs\\latihan_ci4\\app\\Views\\admin\\pegawai\\pegawai.php', 29)
 2 SYSTEMPATH\View\View.php(226): include('D:\\xampp1\\htdocs\\latihan_ci4\\app\\Views\\admin\\pegawai\\pegawai.php')
 3 SYSTEMPATH\View\View.php(229): CodeIgniter\View\View->CodeIgniter\View\{closure}()
 4 SYSTEMPATH\Common.php(1188): CodeIgniter\View\View->render('admin/pegawai/pegawai', [], true)
 5 APPPATH\Controllers\Pegawai.php(18): view('admin/pegawai/pegawai')
 6 SYSTEMPATH\CodeIgniter.php(919): App\Controllers\Pegawai->pegawai()
 7 SYSTEMPATH\CodeIgniter.php(494): CodeIgniter\CodeIgniter->runController(Object(App\Controllers\Pegawai))
 8 SYSTEMPATH\CodeIgniter.php(353): CodeIgniter\CodeIgniter->handleRequest(null, Object(Config\Cache), false)
 9 FCPATH\index.php(79): CodeIgniter\CodeIgniter->run()
10 SYSTEMPATH\Commands\Server\rewrite.php(47): require_once('D:\\xampp1\\htdocs\\latihan_ci4\\public\\index.php')
CRITICAL - 2023-12-19 08:06:46 --> Undefined variable $Pegawai
in APPPATH\Views\admin\pegawai\pegawai.php on line 29.
 1 APPPATH\Views\admin\pegawai\pegawai.php(29): CodeIgniter\Debug\Exceptions->errorHandler(2, 'Undefined variable $Pegawai', 'D:\\xampp1\\htdocs\\latihan_ci4\\app\\Views\\admin\\pegawai\\pegawai.php', 29)
 2 SYSTEMPATH\View\View.php(226): include('D:\\xampp1\\htdocs\\latihan_ci4\\app\\Views\\admin\\pegawai\\pegawai.php')
 3 SYSTEMPATH\View\View.php(229): CodeIgniter\View\View->CodeIgniter\View\{closure}()
 4 SYSTEMPATH\Common.php(1188): CodeIgniter\View\View->render('admin/pegawai/pegawai', [], true)
 5 APPPATH\Controllers\Pegawai.php(18): view('admin/pegawai/pegawai')
 6 SYSTEMPATH\CodeIgniter.php(919): App\Controllers\Pegawai->pegawai()
 7 SYSTEMPATH\CodeIgniter.php(494): CodeIgniter\CodeIgniter->runController(Object(App\Controllers\Pegawai))
 8 SYSTEMPATH\CodeIgniter.php(353): CodeIgniter\CodeIgniter->handleRequest(null, Object(Config\Cache), false)
 9 FCPATH\index.php(79): CodeIgniter\CodeIgniter->run()
10 SYSTEMPATH\Commands\Server\rewrite.php(47): require_once('D:\\xampp1\\htdocs\\latihan_ci4\\public\\index.php')
CRITICAL - 2023-12-19 08:06:47 --> Undefined variable $Pegawai
in APPPATH\Views\admin\pegawai\pegawai.php on line 29.
 1 APPPATH\Views\admin\pegawai\pegawai.php(29): CodeIgniter\Debug\Exceptions->errorHandler(2, 'Undefined variable $Pegawai', 'D:\\xampp1\\htdocs\\latihan_ci4\\app\\Views\\admin\\pegawai\\pegawai.php', 29)
 2 SYSTEMPATH\View\View.php(226): include('D:\\xampp1\\htdocs\\latihan_ci4\\app\\Views\\admin\\pegawai\\pegawai.php')
 3 SYSTEMPATH\View\View.php(229): CodeIgniter\View\View->CodeIgniter\View\{closure}()
 4 SYSTEMPATH\Common.php(1188): CodeIgniter\View\View->render('admin/pegawai/pegawai', [], true)
 5 APPPATH\Controllers\Pegawai.php(18): view('admin/pegawai/pegawai')
 6 SYSTEMPATH\CodeIgniter.php(919): App\Controllers\Pegawai->pegawai()
 7 SYSTEMPATH\CodeIgniter.php(494): CodeIgniter\CodeIgniter->runController(Object(App\Controllers\Pegawai))
 8 SYSTEMPATH\CodeIgniter.php(353): CodeIgniter\CodeIgniter->handleRequest(null, Object(Config\Cache), false)
 9 FCPATH\index.php(79): CodeIgniter\CodeIgniter->run()
10 SYSTEMPATH\Commands\Server\rewrite.php(47): require_once('D:\\xampp1\\htdocs\\latihan_ci4\\public\\index.php')
CRITICAL - 2023-12-19 08:13:07 --> Undefined variable $Pegawai
in APPPATH\Views\admin\pegawai\pegawai.php on line 29.
 1 APPPATH\Views\admin\pegawai\pegawai.php(29): CodeIgniter\Debug\Exceptions->errorHandler(2, 'Undefined variable $Pegawai', 'D:\\xampp1\\htdocs\\latihan_ci4\\app\\Views\\admin\\pegawai\\pegawai.php', 29)
 2 SYSTEMPATH\View\View.php(226): include('D:\\xampp1\\htdocs\\latihan_ci4\\app\\Views\\admin\\pegawai\\pegawai.php')
 3 SYSTEMPATH\View\View.php(229): CodeIgniter\View\View->CodeIgniter\View\{closure}()
 4 SYSTEMPATH\Common.php(1188): CodeIgniter\View\View->render('admin/pegawai/pegawai', [], true)
 5 APPPATH\Controllers\Pegawai.php(18): view('admin/pegawai/pegawai')
 6 SYSTEMPATH\CodeIgniter.php(919): App\Controllers\Pegawai->pegawai()
 7 SYSTEMPATH\CodeIgniter.php(494): CodeIgniter\CodeIgniter->runController(Object(App\Controllers\Pegawai))
 8 SYSTEMPATH\CodeIgniter.php(353): CodeIgniter\CodeIgniter->handleRequest(null, Object(Config\Cache), false)
 9 FCPATH\index.php(79): CodeIgniter\CodeIgniter->run()
10 SYSTEMPATH\Commands\Server\rewrite.php(47): require_once('D:\\xampp1\\htdocs\\latihan_ci4\\public\\index.php')
CRITICAL - 2023-12-19 08:13:18 --> Undefined variable $Pegawai
in APPPATH\Views\admin\pegawai\pegawai.php on line 29.
 1 APPPATH\Views\admin\pegawai\pegawai.php(29): CodeIgniter\Debug\Exceptions->errorHandler(2, 'Undefined variable $Pegawai', 'D:\\xampp1\\htdocs\\latihan_ci4\\app\\Views\\admin\\pegawai\\pegawai.php', 29)
 2 SYSTEMPATH\View\View.php(226): include('D:\\xampp1\\htdocs\\latihan_ci4\\app\\Views\\admin\\pegawai\\pegawai.php')
 3 SYSTEMPATH\View\View.php(229): CodeIgniter\View\View->CodeIgniter\View\{closure}()
 4 SYSTEMPATH\Common.php(1188): CodeIgniter\View\View->render('admin/pegawai/pegawai', [], true)
 5 APPPATH\Controllers\Pegawai.php(18): view('admin/pegawai/pegawai')
 6 SYSTEMPATH\CodeIgniter.php(919): App\Controllers\Pegawai->pegawai()
 7 SYSTEMPATH\CodeIgniter.php(494): CodeIgniter\CodeIgniter->runController(Object(App\Controllers\Pegawai))
 8 SYSTEMPATH\CodeIgniter.php(353): CodeIgniter\CodeIgniter->handleRequest(null, Object(Config\Cache), false)
 9 FCPATH\index.php(79): CodeIgniter\CodeIgniter->run()
10 SYSTEMPATH\Commands\Server\rewrite.php(47): require_once('D:\\xampp1\\htdocs\\latihan_ci4\\public\\index.php')
CRITICAL - 2023-12-19 08:14:13 --> Undefined variable $Pegawai
in APPPATH\Views\admin\pegawai\pegawai.php on line 29.
 1 APPPATH\Views\admin\pegawai\pegawai.php(29): CodeIgniter\Debug\Exceptions->errorHandler(2, 'Undefined variable $Pegawai', 'D:\\xampp1\\htdocs\\latihan_ci4\\app\\Views\\admin\\pegawai\\pegawai.php', 29)
 2 SYSTEMPATH\View\View.php(226): include('D:\\xampp1\\htdocs\\latihan_ci4\\app\\Views\\admin\\pegawai\\pegawai.php')
 3 SYSTEMPATH\View\View.php(229): CodeIgniter\View\View->CodeIgniter\View\{closure}()
 4 SYSTEMPATH\Common.php(1188): CodeIgniter\View\View->render('admin/pegawai/pegawai', [], true)
 5 APPPATH\Controllers\Pegawai.php(18): view('admin/pegawai/pegawai')
 6 SYSTEMPATH\CodeIgniter.php(919): App\Controllers\Pegawai->pegawai()
 7 SYSTEMPATH\CodeIgniter.php(494): CodeIgniter\CodeIgniter->runController(Object(App\Controllers\Pegawai))
 8 SYSTEMPATH\CodeIgniter.php(353): CodeIgniter\CodeIgniter->handleRequest(null, Object(Config\Cache), false)
 9 FCPATH\index.php(79): CodeIgniter\CodeIgniter->run()
10 SYSTEMPATH\Commands\Server\rewrite.php(47): require_once('D:\\xampp1\\htdocs\\latihan_ci4\\public\\index.php')
CRITICAL - 2023-12-19 08:16:42 --> Undefined variable $Pegawai
in APPPATH\Views\admin\pegawai\pegawai.php on line 29.
 1 APPPATH\Views\admin\pegawai\pegawai.php(29): CodeIgniter\Debug\Exceptions->errorHandler(2, 'Undefined variable $Pegawai', 'D:\\xampp1\\htdocs\\latihan_ci4\\app\\Views\\admin\\pegawai\\pegawai.php', 29)
 2 SYSTEMPATH\View\View.php(226): include('D:\\xampp1\\htdocs\\latihan_ci4\\app\\Views\\admin\\pegawai\\pegawai.php')
 3 SYSTEMPATH\View\View.php(229): CodeIgniter\View\View->CodeIgniter\View\{closure}()
 4 SYSTEMPATH\Common.php(1188): CodeIgniter\View\View->render('admin/pegawai/pegawai', [], true)
 5 APPPATH\Controllers\Pegawai.php(18): view('admin/pegawai/pegawai')
 6 SYSTEMPATH\CodeIgniter.php(919): App\Controllers\Pegawai->pegawai()
 7 SYSTEMPATH\CodeIgniter.php(494): CodeIgniter\CodeIgniter->runController(Object(App\Controllers\Pegawai))
 8 SYSTEMPATH\CodeIgniter.php(353): CodeIgniter\CodeIgniter->handleRequest(null, Object(Config\Cache), false)
 9 FCPATH\index.php(79): CodeIgniter\CodeIgniter->run()
10 SYSTEMPATH\Commands\Server\rewrite.php(47): require_once('D:\\xampp1\\htdocs\\latihan_ci4\\public\\index.php')
ERROR - 2023-12-19 08:17:20 --> Error connecting to the database: mysqli_sql_exception: Access denied for user 'ci4'@'localhost' (using password: NO) in D:\xampp1\htdocs\latihan_ci4\system\Database\MySQLi\Connection.php:185
Stack trace:
#0 D:\xampp1\htdocs\latihan_ci4\system\Database\MySQLi\Connection.php(185): mysqli->real_connect('localhost', 'ci4', '', 'ci4', 3306, '', 0)
#1 D:\xampp1\htdocs\latihan_ci4\system\Database\BaseConnection.php(391): CodeIgniter\Database\MySQLi\Connection->connect(false)
#2 D:\xampp1\htdocs\latihan_ci4\system\Database\BaseConnection.php(574): CodeIgniter\Database\BaseConnection->initialize()
#3 D:\xampp1\htdocs\latihan_ci4\system\Database\BaseBuilder.php(1615): CodeIgniter\Database\BaseConnection->query('SELECT *\nFROM `...', Array, false)
#4 D:\xampp1\htdocs\latihan_ci4\system\Model.php(237): CodeIgniter\Database\BaseBuilder->get()
#5 D:\xampp1\htdocs\latihan_ci4\system\BaseModel.php(624): CodeIgniter\Model->doFindAll(0, 0)
#6 D:\xampp1\htdocs\latihan_ci4\app\Models\Pegawai_model.php(16): CodeIgniter\BaseModel->findAll()
#7 D:\xampp1\htdocs\latihan_ci4\app\Controllers\Pegawai.php(16): App\Models\Pegawai_model->getPegawai()
#8 D:\xampp1\htdocs\latihan_ci4\system\CodeIgniter.php(919): App\Controllers\Pegawai->pegawai()
#9 D:\xampp1\htdocs\latihan_ci4\system\CodeIgniter.php(494): CodeIgniter\CodeIgniter->runController(Object(App\Controllers\Pegawai))
#10 D:\xampp1\htdocs\latihan_ci4\system\CodeIgniter.php(353): CodeIgniter\CodeIgniter->handleRequest(NULL, Object(Config\Cache), false)
#11 D:\xampp1\htdocs\latihan_ci4\public\index.php(79): CodeIgniter\CodeIgniter->run()
#12 D:\xampp1\htdocs\latihan_ci4\system\Commands\Server\rewrite.php(47): require_once('D:\\xampp1\\htdoc...')
#13 {main}

Next CodeIgniter\Database\Exceptions\DatabaseException: Access denied for user '****'@'localhost' (using password: NO) in D:\xampp1\htdocs\latihan_ci4\system\Database\MySQLi\Connection.php:229
Stack trace:
#0 D:\xampp1\htdocs\latihan_ci4\system\Database\BaseConnection.php(391): CodeIgniter\Database\MySQLi\Connection->connect(false)
#1 D:\xampp1\htdocs\latihan_ci4\system\Database\BaseConnection.php(574): CodeIgniter\Database\BaseConnection->initialize()
#2 D:\xampp1\htdocs\latihan_ci4\system\Database\BaseBuilder.php(1615): CodeIgniter\Database\BaseConnection->query('SELECT *\nFROM `...', Array, false)
#3 D:\xampp1\htdocs\latihan_ci4\system\Model.php(237): CodeIgniter\Database\BaseBuilder->get()
#4 D:\xampp1\htdocs\latihan_ci4\system\BaseModel.php(624): CodeIgniter\Model->doFindAll(0, 0)
#5 D:\xampp1\htdocs\latihan_ci4\app\Models\Pegawai_model.php(16): CodeIgniter\BaseModel->findAll()
#6 D:\xampp1\htdocs\latihan_ci4\app\Controllers\Pegawai.php(16): App\Models\Pegawai_model->getPegawai()
#7 D:\xampp1\htdocs\latihan_ci4\system\CodeIgniter.php(919): App\Controllers\Pegawai->pegawai()
#8 D:\xampp1\htdocs\latihan_ci4\system\CodeIgniter.php(494): CodeIgniter\CodeIgniter->runController(Object(App\Controllers\Pegawai))
#9 D:\xampp1\htdocs\latihan_ci4\system\CodeIgniter.php(353): CodeIgniter\CodeIgniter->handleRequest(NULL, Object(Config\Cache), false)
#10 D:\xampp1\htdocs\latihan_ci4\public\index.php(79): CodeIgniter\CodeIgniter->run()
#11 D:\xampp1\htdocs\latihan_ci4\system\Commands\Server\rewrite.php(47): require_once('D:\\xampp1\\htdoc...')
#12 {main}
CRITICAL - 2023-12-19 08:17:20 --> Unable to connect to the database.
Main connection [MySQLi]: Access denied for user '****'@'localhost' (using password: NO)
in SYSTEMPATH\Database\BaseConnection.php on line 427.
 1 SYSTEMPATH\Database\BaseConnection.php(574): CodeIgniter\Database\BaseConnection->initialize()
 2 SYSTEMPATH\Database\BaseBuilder.php(1615): CodeIgniter\Database\BaseConnection->query('SELECT *
FROM `pegawai`', [], false)
 3 SYSTEMPATH\Model.php(237): CodeIgniter\Database\BaseBuilder->get()
 4 SYSTEMPATH\BaseModel.php(624): CodeIgniter\Model->doFindAll(0, 0)
 5 APPPATH\Models\Pegawai_model.php(16): CodeIgniter\BaseModel->findAll()
 6 APPPATH\Controllers\Pegawai.php(16): App\Models\Pegawai_model->getPegawai()
 7 SYSTEMPATH\CodeIgniter.php(919): App\Controllers\Pegawai->pegawai()
 8 SYSTEMPATH\CodeIgniter.php(494): CodeIgniter\CodeIgniter->runController(Object(App\Controllers\Pegawai))
 9 SYSTEMPATH\CodeIgniter.php(353): CodeIgniter\CodeIgniter->handleRequest(null, Object(Config\Cache), false)
10 FCPATH\index.php(79): CodeIgniter\CodeIgniter->run()
11 SYSTEMPATH\Commands\Server\rewrite.php(47): require_once('D:\\xampp1\\htdocs\\latihan_ci4\\public\\index.php')
CRITICAL - 2023-12-19 08:18:06 --> Undefined variable $Pegawai
in APPPATH\Views\admin\pegawai\pegawai.php on line 29.
 1 APPPATH\Views\admin\pegawai\pegawai.php(29): CodeIgniter\Debug\Exceptions->errorHandler(2, 'Undefined variable $Pegawai', 'D:\\xampp1\\htdocs\\latihan_ci4\\app\\Views\\admin\\pegawai\\pegawai.php', 29)
 2 SYSTEMPATH\View\View.php(226): include('D:\\xampp1\\htdocs\\latihan_ci4\\app\\Views\\admin\\pegawai\\pegawai.php')
 3 SYSTEMPATH\View\View.php(229): CodeIgniter\View\View->CodeIgniter\View\{closure}()
 4 SYSTEMPATH\Common.php(1188): CodeIgniter\View\View->render('admin/pegawai/pegawai', [], true)
 5 APPPATH\Controllers\Pegawai.php(18): view('admin/pegawai/pegawai')
 6 SYSTEMPATH\CodeIgniter.php(919): App\Controllers\Pegawai->pegawai()
 7 SYSTEMPATH\CodeIgniter.php(494): CodeIgniter\CodeIgniter->runController(Object(App\Controllers\Pegawai))
 8 SYSTEMPATH\CodeIgniter.php(353): CodeIgniter\CodeIgniter->handleRequest(null, Object(Config\Cache), false)
 9 FCPATH\index.php(79): CodeIgniter\CodeIgniter->run()
10 SYSTEMPATH\Commands\Server\rewrite.php(47): require_once('D:\\xampp1\\htdocs\\latihan_ci4\\public\\index.php')
CRITICAL - 2023-12-19 08:18:57 --> Undefined variable $pegawai
in APPPATH\Views\admin\pegawai\pegawai.php on line 29.
 1 APPPATH\Views\admin\pegawai\pegawai.php(29): CodeIgniter\Debug\Exceptions->errorHandler(2, 'Undefined variable $pegawai', 'D:\\xampp1\\htdocs\\latihan_ci4\\app\\Views\\admin\\pegawai\\pegawai.php', 29)
 2 SYSTEMPATH\View\View.php(226): include('D:\\xampp1\\htdocs\\latihan_ci4\\app\\Views\\admin\\pegawai\\pegawai.php')
 3 SYSTEMPATH\View\View.php(229): CodeIgniter\View\View->CodeIgniter\View\{closure}()
 4 SYSTEMPATH\Common.php(1188): CodeIgniter\View\View->render('admin/pegawai/pegawai', [], true)
 5 APPPATH\Controllers\Pegawai.php(18): view('admin/pegawai/pegawai')
 6 SYSTEMPATH\CodeIgniter.php(919): App\Controllers\Pegawai->pegawai()
 7 SYSTEMPATH\CodeIgniter.php(494): CodeIgniter\CodeIgniter->runController(Object(App\Controllers\Pegawai))
 8 SYSTEMPATH\CodeIgniter.php(353): CodeIgniter\CodeIgniter->handleRequest(null, Object(Config\Cache), false)
 9 FCPATH\index.php(79): CodeIgniter\CodeIgniter->run()
10 SYSTEMPATH\Commands\Server\rewrite.php(47): require_once('D:\\xampp1\\htdocs\\latihan_ci4\\public\\index.php')
CRITICAL - 2023-12-19 08:19:17 --> Undefined variable $pegawai
in APPPATH\Views\admin\pegawai\pegawai.php on line 29.
 1 APPPATH\Views\admin\pegawai\pegawai.php(29): CodeIgniter\Debug\Exceptions->errorHandler(2, 'Undefined variable $pegawai', 'D:\\xampp1\\htdocs\\latihan_ci4\\app\\Views\\admin\\pegawai\\pegawai.php', 29)
 2 SYSTEMPATH\View\View.php(226): include('D:\\xampp1\\htdocs\\latihan_ci4\\app\\Views\\admin\\pegawai\\pegawai.php')
 3 SYSTEMPATH\View\View.php(229): CodeIgniter\View\View->CodeIgniter\View\{closure}()
 4 SYSTEMPATH\Common.php(1188): CodeIgniter\View\View->render('admin/pegawai/pegawai', [], true)
 5 APPPATH\Controllers\Pegawai.php(18): view('admin/pegawai/pegawai')
 6 SYSTEMPATH\CodeIgniter.php(919): App\Controllers\Pegawai->pegawai()
 7 SYSTEMPATH\CodeIgniter.php(494): CodeIgniter\CodeIgniter->runController(Object(App\Controllers\Pegawai))
 8 SYSTEMPATH\CodeIgniter.php(353): CodeIgniter\CodeIgniter->handleRequest(null, Object(Config\Cache), false)
 9 FCPATH\index.php(79): CodeIgniter\CodeIgniter->run()
10 SYSTEMPATH\Commands\Server\rewrite.php(47): require_once('D:\\xampp1\\htdocs\\latihan_ci4\\public\\index.php')
CRITICAL - 2023-12-19 08:20:18 --> Undefined variable $pegawai
in APPPATH\Views\admin\pegawai\pegawai.php on line 29.
 1 APPPATH\Views\admin\pegawai\pegawai.php(29): CodeIgniter\Debug\Exceptions->errorHandler(2, 'Undefined variable $pegawai', 'D:\\xampp1\\htdocs\\latihan_ci4\\app\\Views\\admin\\pegawai\\pegawai.php', 29)
 2 SYSTEMPATH\View\View.php(226): include('D:\\xampp1\\htdocs\\latihan_ci4\\app\\Views\\admin\\pegawai\\pegawai.php')
 3 SYSTEMPATH\View\View.php(229): CodeIgniter\View\View->CodeIgniter\View\{closure}()
 4 SYSTEMPATH\Common.php(1188): CodeIgniter\View\View->render('admin/pegawai/pegawai', [], true)
 5 APPPATH\Controllers\Pegawai.php(18): view('admin/pegawai/pegawai')
 6 SYSTEMPATH\CodeIgniter.php(919): App\Controllers\Pegawai->pegawai()
 7 SYSTEMPATH\CodeIgniter.php(494): CodeIgniter\CodeIgniter->runController(Object(App\Controllers\Pegawai))
 8 SYSTEMPATH\CodeIgniter.php(353): CodeIgniter\CodeIgniter->handleRequest(null, Object(Config\Cache), false)
 9 FCPATH\index.php(79): CodeIgniter\CodeIgniter->run()
10 SYSTEMPATH\Commands\Server\rewrite.php(47): require_once('D:\\xampp1\\htdocs\\latihan_ci4\\public\\index.php')
CRITICAL - 2023-12-19 08:21:21 --> syntax error, unexpected token "as"
in APPPATH\Views\admin\pegawai\pegawai.php on line 31.
 1 SYSTEMPATH\View\View.php(229): CodeIgniter\View\View->CodeIgniter\View\{closure}()
 2 SYSTEMPATH\Common.php(1188): CodeIgniter\View\View->render('admin/pegawai/pegawai', [], true)
 3 APPPATH\Controllers\Pegawai.php(18): view('admin/pegawai/pegawai')
 4 SYSTEMPATH\CodeIgniter.php(919): App\Controllers\Pegawai->pegawai()
 5 SYSTEMPATH\CodeIgniter.php(494): CodeIgniter\CodeIgniter->runController(Object(App\Controllers\Pegawai))
 6 SYSTEMPATH\CodeIgniter.php(353): CodeIgniter\CodeIgniter->handleRequest(null, Object(Config\Cache), false)
 7 FCPATH\index.php(79): CodeIgniter\CodeIgniter->run()
 8 SYSTEMPATH\Commands\Server\rewrite.php(47): require_once('D:\\xampp1\\htdocs\\latihan_ci4\\public\\index.php')
