CRITICAL - 2023-11-28 07:54:28 --> Invalid file: "admin/siswa/tambah_data.php"
in SYSTEMPATH\Exceptions\FrameworkException.php on line 39.
 1 SYSTEMPATH\View\View.php(214): CodeIgniter\Exceptions\FrameworkException::forInvalidFile('admin/siswa/tambah_data.php')
 2 SYSTEMPATH\Common.php(1188): CodeIgniter\View\View->render('admin/siswa/tambah_data', [], true)
 3 APPPATH\Controllers\Siswa.php(12): view('admin/siswa/tambah_data')
 4 SYSTEMPATH\CodeIgniter.php(919): App\Controllers\Siswa->siswa()
 5 SYSTEMPATH\CodeIgniter.php(494): CodeIgniter\CodeIgniter->runController(Object(App\Controllers\Siswa))
 6 SYSTEMPATH\CodeIgniter.php(353): CodeIgniter\CodeIgniter->handleRequest(null, Object(Config\Cache), false)
 7 FCPATH\index.php(79): CodeIgniter\CodeIgniter->run()
 8 SYSTEMPATH\Commands\Server\rewrite.php(47): require_once('D:\\xampp\\htdocs\\latihan_ci4\\public\\index.php')
CRITICAL - 2023-11-28 07:57:39 --> Invalid file: "admin/siswa/tambah_data.php"
in SYSTEMPATH\Exceptions\FrameworkException.php on line 39.
 1 SYSTEMPATH\View\View.php(214): CodeIgniter\Exceptions\FrameworkException::forInvalidFile('admin/siswa/tambah_data.php')
 2 SYSTEMPATH\Common.php(1188): CodeIgniter\View\View->render('admin/siswa/tambah_data', [], true)
 3 APPPATH\Controllers\Siswa.php(12): view('admin/siswa/tambah_data')
 4 SYSTEMPATH\CodeIgniter.php(919): App\Controllers\Siswa->siswa()
 5 SYSTEMPATH\CodeIgniter.php(494): CodeIgniter\CodeIgniter->runController(Object(App\Controllers\Siswa))
 6 SYSTEMPATH\CodeIgniter.php(353): CodeIgniter\CodeIgniter->handleRequest(null, Object(Config\Cache), false)
 7 FCPATH\index.php(79): CodeIgniter\CodeIgniter->run()
 8 SYSTEMPATH\Commands\Server\rewrite.php(47): require_once('D:\\xampp\\htdocs\\latihan_ci4\\public\\index.php')
CRITICAL - 2023-11-28 07:57:47 --> Invalid file: "admin/siswa/tambah_data.php"
in SYSTEMPATH\Exceptions\FrameworkException.php on line 39.
 1 SYSTEMPATH\View\View.php(214): CodeIgniter\Exceptions\FrameworkException::forInvalidFile('admin/siswa/tambah_data.php')
 2 SYSTEMPATH\Common.php(1188): CodeIgniter\View\View->render('admin/siswa/tambah_data', [], true)
 3 APPPATH\Controllers\Siswa.php(12): view('admin/siswa/tambah_data')
 4 SYSTEMPATH\CodeIgniter.php(919): App\Controllers\Siswa->siswa()
 5 SYSTEMPATH\CodeIgniter.php(494): CodeIgniter\CodeIgniter->runController(Object(App\Controllers\Siswa))
 6 SYSTEMPATH\CodeIgniter.php(353): CodeIgniter\CodeIgniter->handleRequest(null, Object(Config\Cache), false)
 7 FCPATH\index.php(79): CodeIgniter\CodeIgniter->run()
 8 SYSTEMPATH\Commands\Server\rewrite.php(47): require_once('D:\\xampp\\htdocs\\latihan_ci4\\public\\index.php')
CRITICAL - 2023-11-28 08:01:40 --> Cannot redeclare App\Controllers\Siswa::siswa()
in APPPATH\Controllers\Siswa.php on line 15.
 1 [internal function]: CodeIgniter\Debug\Exceptions->shutdownHandler()
