CRITICAL - 2023-11-07 07:34:21 --> Invalid file: "template/header.php"
in SYSTEMPATH\Exceptions\FrameworkException.php on line 39.
 1 SYSTEMPATH\View\View.php(214): CodeIgniter\Exceptions\FrameworkException::forInvalidFile('template/header.php')
 2 SYSTEMPATH\Common.php(1188): CodeIgniter\View\View->render('template/header', [], true)
 3 APPPATH\Controllers\Home_admin.php(9): view('template/header')
 4 SYSTEMPATH\CodeIgniter.php(919): App\Controllers\Home_admin->homeadmin()
 5 SYSTEMPATH\CodeIgniter.php(494): CodeIgniter\CodeIgniter->runController(Object(App\Controllers\Home_admin))
 6 SYSTEMPATH\CodeIgniter.php(353): CodeIgniter\CodeIgniter->handleRequest(null, Object(Config\Cache), false)
 7 FCPATH\index.php(79): CodeIgniter\CodeIgniter->run()
 8 SYSTEMPATH\Commands\Server\rewrite.php(47): require_once('C:\\xampp\\htdocs\\ci4\\public\\index.php')
CRITICAL - 2023-11-07 08:48:34 --> Class "Locale" not found
in SYSTEMPATH\CodeIgniter.php on line 214.
 1 FCPATH\index.php(67): CodeIgniter\CodeIgniter->initialize()
CRITICAL - 2023-11-07 08:48:35 --> Uncaught Error: Class "Locale" not found in C:\xampp\htdocs\ci4\system\Helpers\number_helper.php:136
Stack trace:
#0 C:\xampp\htdocs\ci4\system\Helpers\number_helper.php(55): format_number(6, 2, NULL, Array)
#1 C:\xampp\htdocs\ci4\system\Debug\BaseExceptionHandler.php(145): number_to_size(6, 2)
#2 C:\xampp\htdocs\ci4\app\Views\errors\html\error_exception.php(360): CodeIgniter\Debug\BaseExceptionHandler::describeMemory(6291456)
#3 C:\xampp\htdocs\ci4\system\Debug\BaseExceptionHandler.php(241): include('C:\\xampp\\htdocs...')
#4 C:\xampp\htdocs\ci4\system\Debug\BaseExceptionHandler.php(244): CodeIgniter\Debug\BaseExceptionHandler->CodeIgniter\Debug\{closure}()
#5 C:\xampp\htdocs\ci4\system\Debug\ExceptionHandler.php(109): CodeIgniter\Debug\BaseExceptionHandler->render(Object(Error), 500, 'C:\\xampp\\htdocs...')
#6 C:\xampp\htdocs\ci4\system\Debug\Exceptions.php(147): CodeIgniter\Debug\ExceptionHandler->handle(Object(Error), Object(CodeIgniter\HTTP\IncomingRequest), Object(CodeIgniter\HTTP\Response), 500, 1)
#7 [internal function]: CodeIgniter\Debug\Exceptions->exceptionHandler(Object(Error))
#8 {main}
  thrown
【Previous Exception】
Error
Class "Locale" not found
#0 C:\xampp\htdocs\ci4\public\index.php(67): CodeIgniter\CodeIgniter->initialize()
#1 {main}
in SYSTEMPATH\Helpers\number_helper.php on line 136.
 1 [internal function]: CodeIgniter\Debug\Exceptions->shutdownHandler()
