CRITICAL - 2023-10-31 07:44:21 --> Invalid file: "home_admin/homeadmin.php"
in SYSTEMPATH\Exceptions\FrameworkException.php on line 39.
 1 SYSTEMPATH\View\View.php(214): CodeIgniter\Exceptions\FrameworkException::forInvalidFile('home_admin/homeadmin.php')
 2 SYSTEMPATH\Common.php(1188): CodeIgniter\View\View->render('home_admin/homeadmin', [], true)
 3 APPPATH\Controllers\Home_admin.php(10): view('home_admin/homeadmin')
 4 SYSTEMPATH\CodeIgniter.php(919): App\Controllers\Home_admin->homeadmin()
 5 SYSTEMPATH\CodeIgniter.php(494): CodeIgniter\CodeIgniter->runController(Object(App\Controllers\Home_admin))
 6 SYSTEMPATH\CodeIgniter.php(353): CodeIgniter\CodeIgniter->handleRequest(null, Object(Config\Cache), false)
 7 FCPATH\index.php(79): CodeIgniter\CodeIgniter->run()
 8 SYSTEMPATH\Commands\Server\rewrite.php(47): require_once('D:\\xampp\\htdocs\\ci4\\public\\index.php')
CRITICAL - 2023-10-31 07:44:36 --> Invalid file: "home_admin/homeadmin.php"
in SYSTEMPATH\Exceptions\FrameworkException.php on line 39.
 1 SYSTEMPATH\View\View.php(214): CodeIgniter\Exceptions\FrameworkException::forInvalidFile('home_admin/homeadmin.php')
 2 SYSTEMPATH\Common.php(1188): CodeIgniter\View\View->render('home_admin/homeadmin', [], true)
 3 APPPATH\Controllers\Home_admin.php(10): view('home_admin/homeadmin')
 4 SYSTEMPATH\CodeIgniter.php(919): App\Controllers\Home_admin->homeadmin()
 5 SYSTEMPATH\CodeIgniter.php(494): CodeIgniter\CodeIgniter->runController(Object(App\Controllers\Home_admin))
 6 SYSTEMPATH\CodeIgniter.php(353): CodeIgniter\CodeIgniter->handleRequest(null, Object(Config\Cache), false)
 7 FCPATH\index.php(79): CodeIgniter\CodeIgniter->run()
 8 SYSTEMPATH\Commands\Server\rewrite.php(47): require_once('D:\\xampp\\htdocs\\ci4\\public\\index.php')
CRITICAL - 2023-10-31 07:45:05 --> Invalid file: "home_admin/homeadmin.php"
in SYSTEMPATH\Exceptions\FrameworkException.php on line 39.
 1 SYSTEMPATH\View\View.php(214): CodeIgniter\Exceptions\FrameworkException::forInvalidFile('home_admin/homeadmin.php')
 2 SYSTEMPATH\Common.php(1188): CodeIgniter\View\View->render('home_admin/homeadmin', [], true)
 3 APPPATH\Controllers\Home_admin.php(12): view('home_admin/homeadmin')
 4 SYSTEMPATH\CodeIgniter.php(919): App\Controllers\Home_admin->homeadmin()
 5 SYSTEMPATH\CodeIgniter.php(494): CodeIgniter\CodeIgniter->runController(Object(App\Controllers\Home_admin))
 6 SYSTEMPATH\CodeIgniter.php(353): CodeIgniter\CodeIgniter->handleRequest(null, Object(Config\Cache), false)
 7 FCPATH\index.php(79): CodeIgniter\CodeIgniter->run()
 8 SYSTEMPATH\Commands\Server\rewrite.php(47): require_once('D:\\xampp\\htdocs\\ci4\\public\\index.php')
